[2026-01-10 08:52:11.930] [info] [thread 15776] [clice.cc:101] argv[0] = c:\Users\HP\AppData\Roaming\Code\User\globalStorage\ykiko.clice-vscode\bin\clice.exe
[2026-01-10 08:52:11.931] [info] [thread 15776] [clice.cc:101] argv[1] = --mode=pipe
[2026-01-10 08:52:11.977] [info] [thread 15776] [clice.cc:115] Server starts listening on stdin/stdout
[2026-01-10 08:52:12.157] [info] [thread 15776] [Server.cpp:163] <-- Handling request: initialize(0)
[2026-01-10 08:52:12.157] [info] [thread 15776] [Lifecycle.cpp:8] Initialize from client: Visual Studio Code, version: 1.108.0
[2026-01-10 08:52:12.157] [warning] [thread 15776] [Lifecycle.cpp:27] Fail to load config, because: Config file doesn't exist!
[2026-01-10 08:52:12.158] [info] [thread 15776] [Lifecycle.cpp:28] Use default config: {
    "project": {
        "cache_dir": "C:\\Users\\HP\\Desktop\\PROJET_TUYAUX_2\\.clice\\cache",
        "clang_tidy": false,
        "compile_commands_dirs": [
            "C:\\Users\\HP\\Desktop\\PROJET_TUYAUX_2\\build"
        ],
        "index_dir": "C:\\Users\\HP\\Desktop\\PROJET_TUYAUX_2\\.clice\\index",
        "logging_dir": "C:\\Users\\HP\\Desktop\\PROJET_TUYAUX_2\\.clice\\logging",
        "max_active_file": 8,
        "root": true
    },
    "rules": [],
    "workspace": "C:\\Users\\HP\\Desktop\\PROJET_TUYAUX_2"
}
[2026-01-10 08:52:12.160] [warning] [thread 15776] [Command.cpp:627] Failed to read CDB file: C:\Users\HP\Desktop\PROJET_TUYAUX_2\build\compile_commands.json, no such file or directory
[2026-01-10 08:52:12.160] [warning] [thread 15776] [Command.cpp:647] Can not found any valid CDB file from given directories, search recursively from workspace: C:\Users\HP\Desktop\PROJET_TUYAUX_2 ...
[2026-01-10 08:52:12.160] [warning] [thread 15776] [Document.cpp:15] Fail to load cache info, because: no such file or directory
[2026-01-10 08:52:12.199] [info] [thread 15776] [Server.cpp:170] --> Handled request: initialize(0) 42ms
[2026-01-10 08:52:13.683] [info] [thread 15776] [Server.cpp:173] <-- Handling notification: initialized
[2026-01-10 08:52:13.684] [info] [thread 15776] [Indexer.cpp:112] Fail to load project index form C:\Users\HP\Desktop\PROJET_TUYAUX_2\.clice\index\project.idx
[2026-01-10 08:52:13.684] [info] [thread 15776] [Server.cpp:180] --> Handled notification: initialized 0ms
[2026-01-10 08:52:13.872] [info] [thread 15776] [Server.cpp:173] <-- Handling notification: textDocument/didOpen
[2026-01-10 08:52:13.873] [info] [thread 15776] [Server.cpp:180] --> Handled notification: textDocument/didOpen 0ms
[2026-01-10 08:52:14.086] [info] [thread 15776] [Document.cpp:202] Start building PCH for C:\Users\HP\Desktop\PROJET_TUYAUX_2\renderer.cpp, command: [ clang++ -std=c++20 -nostdlibinc --target=x86_64-w64-windows-gnu -isystem C:\msys64\ucrt64\include\c++\15.2.0 -isystem C:\msys64\ucrt64\include\c++\15.2.0\x86_64-w64-mingw32 -isystem C:\msys64\ucrt64\include\c++\15.2.0\backward -isystem C:\msys64\ucrt64\include -resource-dir=C:\Users\HP\AppData\Roaming\Code\User\globalStorage\ykiko.clice-vscode\lib\clang\21 C:\Users\HP\Desktop\PROJET_TUYAUX_2\renderer.cpp]
[2026-01-10 08:52:15.137] [info] [thread 15776] [Document.cpp:230] Building PCH successfully for C:\Users\HP\Desktop\PROJET_TUYAUX_2\renderer.cpp
[2026-01-10 08:52:15.187] [info] [thread 15776] [Document.cpp:352] Building AST successfully for C:\Users\HP\Desktop\PROJET_TUYAUX_2\renderer.cpp
[2026-01-10 08:52:15.474] [info] [thread 15776] [Server.cpp:163] <-- Handling request: textDocument/documentSymbol(1)
[2026-01-10 08:52:15.482] [info] [thread 15776] [Server.cpp:170] --> Handled request: textDocument/documentSymbol(1) 8ms
[2026-01-10 08:52:16.701] [info] [thread 15776] [Server.cpp:163] <-- Handling request: textDocument/documentLink(2)
[2026-01-10 08:52:16.707] [info] [thread 15776] [Server.cpp:170] --> Handled request: textDocument/documentLink(2) 5ms
[2026-01-10 08:52:17.275] [info] [thread 15776] [Server.cpp:163] <-- Handling request: textDocument/inlayHint(3)
[2026-01-10 08:52:17.299] [info] [thread 15776] [Server.cpp:170] --> Handled request: textDocument/inlayHint(3) 24ms
[2026-01-10 08:52:20.069] [info] [thread 15776] [Server.cpp:163] <-- Handling request: textDocument/foldingRange(4)
[2026-01-10 08:52:20.072] [info] [thread 15776] [Server.cpp:170] --> Handled request: textDocument/foldingRange(4) 2ms
[2026-01-10 08:52:21.038] [info] [thread 15776] [Server.cpp:163] <-- Handling request: textDocument/foldingRange(5)
[2026-01-10 08:52:21.040] [info] [thread 15776] [Server.cpp:170] --> Handled request: textDocument/foldingRange(5) 2ms
[2026-01-10 08:52:21.450] [info] [thread 15776] [Server.cpp:155] Ignore unhandled method: $/setTrace
[2026-01-10 08:52:21.857] [info] [thread 15776] [Server.cpp:155] Ignore unhandled method: $/cancelRequest
[2026-01-10 08:52:22.414] [info] [thread 15776] [Server.cpp:163] <-- Handling request: textDocument/semanticTokens/full(6)
[2026-01-10 08:52:22.430] [info] [thread 15776] [Server.cpp:170] --> Handled request: textDocument/semanticTokens/full(6) 16ms
[2026-01-10 08:52:22.579] [info] [thread 15776] [Server.cpp:155] Ignore unhandled method: $/cancelRequest
[2026-01-10 08:52:22.848] [info] [thread 15776] [Server.cpp:155] Ignore unhandled method: $/cancelRequest
[2026-01-10 08:52:23.405] [info] [thread 15776] [Server.cpp:163] <-- Handling request: textDocument/foldingRange(7)
[2026-01-10 08:52:23.527] [info] [thread 15776] [Server.cpp:170] --> Handled request: textDocument/foldingRange(7) 122ms
[2026-01-10 08:52:24.124] [info] [thread 15776] [Server.cpp:163] <-- Handling request: textDocument/documentSymbol(8)
[2026-01-10 08:52:24.161] [info] [thread 15776] [Server.cpp:170] --> Handled request: textDocument/documentSymbol(8) 37ms
[2026-01-10 08:52:24.854] [info] [thread 15776] [Server.cpp:163] <-- Handling request: textDocument/foldingRange(9)
[2026-01-10 08:52:24.872] [info] [thread 15776] [Server.cpp:170] --> Handled request: textDocument/foldingRange(9) 17ms
[2026-01-10 08:52:25.007] [info] [thread 15776] [Server.cpp:155] Ignore unhandled method: $/cancelRequest
[2026-01-10 08:52:25.232] [info] [thread 15776] [Server.cpp:155] Ignore unhandled method: $/cancelRequest
[2026-01-10 08:52:25.298] [info] [thread 15776] [Server.cpp:173] <-- Handling notification: textDocument/didChange
[2026-01-10 08:52:25.298] [info] [thread 15776] [Server.cpp:180] --> Handled notification: textDocument/didChange 0ms
[2026-01-10 08:52:25.312] [info] [thread 15776] [Document.cpp:257] PCH is already up-to-date for C:\Users\HP\Desktop\PROJET_TUYAUX_2\renderer.cpp
[2026-01-10 08:52:25.363] [info] [thread 15776] [Server.cpp:155] Ignore unhandled method: $/cancelRequest
[2026-01-10 08:52:25.392] [info] [thread 15776] [Server.cpp:155] Ignore unhandled method: $/cancelRequest
[2026-01-10 08:52:25.426] [info] [thread 15776] [Server.cpp:155] Ignore unhandled method: $/cancelRequest
[2026-01-10 08:52:25.427] [info] [thread 15776] [Server.cpp:155] Ignore unhandled method: $/setTrace
[2026-01-10 08:52:25.448] [info] [thread 15776] [Server.cpp:163] <-- Handling request: textDocument/foldingRange(10)
[2026-01-10 08:52:25.471] [info] [thread 15776] [Server.cpp:163] <-- Handling request: textDocument/foldingRange(11)
[2026-01-10 08:52:25.473] [info] [thread 15776] [Document.cpp:352] Building AST successfully for C:\Users\HP\Desktop\PROJET_TUYAUX_2\renderer.cpp
[2026-01-10 08:52:25.476] [info] [thread 15776] [Server.cpp:170] --> Handled request: textDocument/foldingRange(10) 28ms
[2026-01-10 08:52:25.476] [info] [thread 15776] [Server.cpp:170] --> Handled request: textDocument/foldingRange(11) 5ms
[2026-01-10 08:52:25.499] [info] [thread 15776] [Server.cpp:155] Ignore unhandled method: $/cancelRequest
[2026-01-10 08:52:25.509] [info] [thread 15776] [Server.cpp:163] <-- Handling request: textDocument/inlayHint(12)
[2026-01-10 08:52:25.511] [info] [thread 15776] [Server.cpp:155] Ignore unhandled method: $/cancelRequest
[2026-01-10 08:52:25.511] [info] [thread 15776] [Server.cpp:170] --> Handled request: textDocument/inlayHint(12) 2ms
[2026-01-10 08:52:25.520] [info] [thread 15776] [Server.cpp:155] Ignore unhandled method: $/cancelRequest
[2026-01-10 08:52:25.521] [info] [thread 15776] [Server.cpp:163] <-- Handling request: textDocument/documentLink(13)
[2026-01-10 08:52:25.522] [info] [thread 15776] [Server.cpp:170] --> Handled request: textDocument/documentLink(13) 1ms
[2026-01-10 08:52:25.625] [info] [thread 15776] [Server.cpp:155] Ignore unhandled method: $/cancelRequest
[2026-01-10 08:52:26.102] [info] [thread 15776] [Server.cpp:163] <-- Handling request: textDocument/inlayHint(14)
[2026-01-10 08:52:26.111] [info] [thread 15776] [Server.cpp:170] --> Handled request: textDocument/inlayHint(14) 8ms
[2026-01-10 08:52:26.843] [info] [thread 15776] [Server.cpp:163] <-- Handling request: textDocument/hover(15)
[2026-01-10 08:52:26.847] [info] [thread 15776] [Server.cpp:170] --> Handled request: textDocument/hover(15) 3ms
[2026-01-10 08:52:26.863] [info] [thread 15776] [Server.cpp:155] Ignore unhandled method: $/cancelRequest
[2026-01-10 08:52:26.971] [info] [thread 15776] [Server.cpp:163] <-- Handling request: textDocument/documentSymbol(16)
[2026-01-10 08:52:26.975] [info] [thread 15776] [Server.cpp:155] Ignore unhandled method: $/cancelRequest
[2026-01-10 08:52:26.976] [info] [thread 15776] [Server.cpp:170] --> Handled request: textDocument/documentSymbol(16) 4ms
[2026-01-10 08:52:26.984] [info] [thread 15776] [Server.cpp:173] <-- Handling notification: textDocument/didSave
[2026-01-10 08:52:26.985] [info] [thread 15776] [Server.cpp:180] --> Handled notification: textDocument/didSave 0ms
[2026-01-10 08:52:27.000] [info] [thread 15776] [Server.cpp:155] Ignore unhandled method: $/cancelRequest
[2026-01-10 08:52:27.058] [info] [thread 15776] [Server.cpp:163] <-- Handling request: textDocument/documentLink(17)
[2026-01-10 08:52:27.060] [info] [thread 15776] [Server.cpp:163] <-- Handling request: textDocument/documentSymbol(18)
[2026-01-10 08:52:27.072] [info] [thread 15776] [Server.cpp:170] --> Handled request: textDocument/documentLink(17) 14ms
[2026-01-10 08:52:27.083] [info] [thread 15776] [Server.cpp:170] --> Handled request: textDocument/documentSymbol(18) 22ms
[2026-01-10 08:52:27.099] [info] [thread 15776] [Server.cpp:155] Ignore unhandled method: $/cancelRequest
[2026-01-10 08:52:27.106] [info] [thread 15776] [Server.cpp:163] <-- Handling request: textDocument/documentLink(19)
[2026-01-10 08:52:27.107] [info] [thread 15776] [Server.cpp:155] Ignore unhandled method: $/cancelRequest
[2026-01-10 08:52:27.108] [info] [thread 15776] [Server.cpp:170] --> Handled request: textDocument/documentLink(19) 2ms
[2026-01-10 08:52:27.113] [info] [thread 15776] [Server.cpp:163] <-- Handling request: textDocument/foldingRange(20)
[2026-01-10 08:52:27.118] [info] [thread 15776] [Server.cpp:155] Ignore unhandled method: $/cancelRequest
[2026-01-10 08:52:27.118] [info] [thread 15776] [Server.cpp:170] --> Handled request: textDocument/foldingRange(20) 5ms
[2026-01-10 08:52:31.875] [info] [thread 15776] [Server.cpp:163] <-- Handling request: textDocument/foldingRange(21)
[2026-01-10 08:52:31.876] [info] [thread 15776] [Server.cpp:163] <-- Handling request: textDocument/documentLink(22)
[2026-01-10 08:52:31.876] [info] [thread 15776] [Server.cpp:170] --> Handled request: textDocument/foldingRange(21) 1ms
[2026-01-10 08:52:31.876] [info] [thread 15776] [Server.cpp:170] --> Handled request: textDocument/documentLink(22) 0ms
[2026-01-10 08:52:32.214] [info] [thread 15776] [Server.cpp:155] Ignore unhandled method: $/cancelRequest
[2026-01-10 08:52:32.342] [info] [thread 15776] [Server.cpp:163] <-- Handling request: textDocument/documentSymbol(23)
[2026-01-10 08:52:32.346] [info] [thread 15776] [Server.cpp:163] <-- Handling request: textDocument/foldingRange(24)
[2026-01-10 08:52:32.348] [info] [thread 15776] [Server.cpp:170] --> Handled request: textDocument/documentSymbol(23) 5ms
[2026-01-10 08:52:32.359] [info] [thread 15776] [Server.cpp:155] Ignore unhandled method: $/cancelRequest
[2026-01-10 08:52:32.359] [info] [thread 15776] [Server.cpp:170] --> Handled request: textDocument/foldingRange(24) 12ms
[2026-01-10 08:52:34.594] [info] [thread 15776] [Server.cpp:163] <-- Handling request: textDocument/foldingRange(25)
[2026-01-10 08:52:34.597] [info] [thread 15776] [Server.cpp:163] <-- Handling request: textDocument/inlayHint(26)
[2026-01-10 08:52:34.599] [info] [thread 15776] [Server.cpp:170] --> Handled request: textDocument/foldingRange(25) 4ms
[2026-01-10 08:52:34.600] [info] [thread 15776] [Server.cpp:170] --> Handled request: textDocument/inlayHint(26) 2ms
[2026-01-10 08:52:35.903] [info] [thread 15776] [Server.cpp:163] <-- Handling request: textDocument/semanticTokens/full(27)
[2026-01-10 08:52:35.905] [info] [thread 15776] [Server.cpp:170] --> Handled request: textDocument/semanticTokens/full(27) 2ms
[2026-01-10 08:52:35.912] [info] [thread 15776] [Server.cpp:155] Ignore unhandled method: $/cancelRequest
[2026-01-10 08:52:35.916] [info] [thread 15776] [Server.cpp:155] Ignore unhandled method: $/cancelRequest
[2026-01-10 08:52:36.044] [info] [thread 15776] [Server.cpp:155] Ignore unhandled method: $/cancelRequest
[2026-01-10 08:52:36.162] [info] [thread 15776] [Server.cpp:163] <-- Handling request: textDocument/inlayHint(28)
[2026-01-10 08:52:36.164] [info] [thread 15776] [Server.cpp:170] --> Handled request: textDocument/inlayHint(28) 2ms
[2026-01-10 08:52:37.241] [info] [thread 15776] [Server.cpp:163] <-- Handling request: textDocument/foldingRange(29)
[2026-01-10 08:52:37.242] [info] [thread 15776] [Server.cpp:170] --> Handled request: textDocument/foldingRange(29) 1ms
[2026-01-10 08:52:37.251] [info] [thread 15776] [Server.cpp:163] <-- Handling request: textDocument/foldingRange(30)
[2026-01-10 08:52:37.253] [info] [thread 15776] [Server.cpp:170] --> Handled request: textDocument/foldingRange(30) 2ms
[2026-01-10 08:52:37.254] [info] [thread 15776] [Server.cpp:155] Ignore unhandled method: $/cancelRequest
[2026-01-10 08:52:37.257] [info] [thread 15776] [Server.cpp:163] <-- Handling request: textDocument/inlayHint(31)
[2026-01-10 08:52:37.259] [info] [thread 15776] [Server.cpp:170] --> Handled request: textDocument/inlayHint(31) 2ms
[2026-01-10 08:52:37.261] [info] [thread 15776] [Server.cpp:155] Ignore unhandled method: $/cancelRequest
[2026-01-10 08:52:37.261] [info] [thread 15776] [Server.cpp:155] Ignore unhandled method: $/cancelRequest
[2026-01-10 08:52:37.268] [info] [thread 15776] [Server.cpp:163] <-- Handling request: textDocument/inlayHint(32)
[2026-01-10 08:52:37.271] [info] [thread 15776] [Server.cpp:170] --> Handled request: textDocument/inlayHint(32) 2ms
[2026-01-10 08:52:37.279] [info] [thread 15776] [Server.cpp:155] Ignore unhandled method: $/cancelRequest
[2026-01-10 08:52:37.419] [info] [thread 15776] [Server.cpp:163] <-- Handling request: textDocument/foldingRange(33)
[2026-01-10 08:52:37.420] [info] [thread 15776] [Server.cpp:170] --> Handled request: textDocument/foldingRange(33) 1ms
[2026-01-10 08:52:37.481] [info] [thread 15776] [Server.cpp:163] <-- Handling request: textDocument/foldingRange(34)
[2026-01-10 08:52:37.484] [info] [thread 15776] [Server.cpp:170] --> Handled request: textDocument/foldingRange(34) 2ms
[2026-01-10 08:52:39.207] [info] [thread 15776] [Server.cpp:155] Ignore unhandled method: $/cancelRequest
[2026-01-10 08:52:39.208] [info] [thread 15776] [Server.cpp:155] Ignore unhandled method: $/cancelRequest
[2026-01-10 08:53:12.416] [info] [thread 15776] [Server.cpp:155] Ignore unhandled method: $/cancelRequest
[2026-01-10 08:53:12.416] [info] [thread 15776] [Server.cpp:163] <-- Handling request: textDocument/inlayHint(35)
[2026-01-10 08:53:12.419] [info] [thread 15776] [Server.cpp:170] --> Handled request: textDocument/inlayHint(35) 3ms
[2026-01-10 08:53:12.847] [info] [thread 15776] [Server.cpp:163] <-- Handling request: textDocument/foldingRange(36)
[2026-01-10 08:53:12.848] [info] [thread 15776] [Server.cpp:163] <-- Handling request: textDocument/foldingRange(37)
[2026-01-10 08:53:12.849] [info] [thread 15776] [Server.cpp:170] --> Handled request: textDocument/foldingRange(36) 2ms
[2026-01-10 08:53:12.850] [info] [thread 15776] [Server.cpp:170] --> Handled request: textDocument/foldingRange(37) 1ms
[2026-01-10 08:53:15.934] [info] [thread 15776] [Server.cpp:163] <-- Handling request: textDocument/semanticTokens/full(38)
[2026-01-10 08:53:15.937] [info] [thread 15776] [Server.cpp:170] --> Handled request: textDocument/semanticTokens/full(38) 2ms
[2026-01-10 08:53:22.685] [info] [thread 15776] [Server.cpp:163] <-- Handling request: textDocument/hover(39)
[2026-01-10 08:53:22.686] [info] [thread 15776] [Server.cpp:155] Ignore unhandled method: $/cancelRequest
[2026-01-10 08:53:22.688] [info] [thread 15776] [Server.cpp:170] --> Handled request: textDocument/hover(39) 3ms
[2026-01-10 08:53:28.147] [info] [thread 15776] [Server.cpp:163] <-- Handling request: textDocument/inlayHint(40)
[2026-01-10 08:53:28.148] [info] [thread 15776] [Server.cpp:155] Ignore unhandled method: $/cancelRequest
[2026-01-10 08:53:28.150] [info] [thread 15776] [Server.cpp:170] --> Handled request: textDocument/inlayHint(40) 2ms
[2026-01-10 08:53:30.110] [info] [thread 15776] [Server.cpp:163] <-- Handling request: textDocument/inlayHint(41)
[2026-01-10 08:53:30.111] [info] [thread 15776] [Server.cpp:155] Ignore unhandled method: $/cancelRequest
[2026-01-10 08:53:30.112] [info] [thread 15776] [Server.cpp:170] --> Handled request: textDocument/inlayHint(41) 2ms
[2026-01-10 08:53:33.461] [info] [thread 15776] [Server.cpp:163] <-- Handling request: textDocument/inlayHint(42)
[2026-01-10 08:53:33.462] [info] [thread 15776] [Server.cpp:155] Ignore unhandled method: $/cancelRequest
[2026-01-10 08:53:33.463] [info] [thread 15776] [Server.cpp:170] --> Handled request: textDocument/inlayHint(42) 2ms
[2026-01-10 08:53:40.750] [info] [thread 15776] [Server.cpp:163] <-- Handling request: textDocument/inlayHint(43)
[2026-01-10 08:53:40.751] [info] [thread 15776] [Server.cpp:155] Ignore unhandled method: $/cancelRequest
[2026-01-10 08:53:40.752] [info] [thread 15776] [Server.cpp:170] --> Handled request: textDocument/inlayHint(43) 2ms
[2026-01-10 08:53:41.663] [info] [thread 15776] [Server.cpp:163] <-- Handling request: textDocument/inlayHint(44)
[2026-01-10 08:53:41.664] [info] [thread 15776] [Server.cpp:155] Ignore unhandled method: $/cancelRequest
[2026-01-10 08:53:41.666] [info] [thread 15776] [Server.cpp:170] --> Handled request: textDocument/inlayHint(44) 3ms
[2026-01-10 08:53:43.212] [info] [thread 15776] [Server.cpp:163] <-- Handling request: textDocument/inlayHint(45)
[2026-01-10 08:53:43.212] [info] [thread 15776] [Server.cpp:155] Ignore unhandled method: $/cancelRequest
[2026-01-10 08:53:43.214] [info] [thread 15776] [Server.cpp:170] --> Handled request: textDocument/inlayHint(45) 1ms
[2026-01-10 08:53:49.473] [info] [thread 15776] [Server.cpp:163] <-- Handling request: textDocument/inlayHint(46)
[2026-01-10 08:53:49.474] [info] [thread 15776] [Server.cpp:155] Ignore unhandled method: $/cancelRequest
[2026-01-10 08:53:49.475] [info] [thread 15776] [Server.cpp:170] --> Handled request: textDocument/inlayHint(46) 2ms
[2026-01-10 08:53:52.189] [info] [thread 15776] [Server.cpp:163] <-- Handling request: textDocument/inlayHint(47)
[2026-01-10 08:53:52.190] [info] [thread 15776] [Server.cpp:155] Ignore unhandled method: $/cancelRequest
[2026-01-10 08:53:52.191] [info] [thread 15776] [Server.cpp:170] --> Handled request: textDocument/inlayHint(47) 1ms
[2026-01-10 08:53:53.004] [info] [thread 15776] [Server.cpp:163] <-- Handling request: textDocument/inlayHint(48)
[2026-01-10 08:53:53.005] [info] [thread 15776] [Server.cpp:155] Ignore unhandled method: $/cancelRequest
[2026-01-10 08:53:53.006] [info] [thread 15776] [Server.cpp:170] --> Handled request: textDocument/inlayHint(48) 2ms
[2026-01-10 08:53:53.140] [info] [thread 15776] [Server.cpp:163] <-- Handling request: textDocument/inlayHint(49)
[2026-01-10 08:53:53.141] [info] [thread 15776] [Server.cpp:163] <-- Handling request: textDocument/hover(50)
[2026-01-10 08:53:53.142] [info] [thread 15776] [Server.cpp:170] --> Handled request: textDocument/inlayHint(49) 2ms
[2026-01-10 08:53:53.143] [info] [thread 15776] [Server.cpp:170] --> Handled request: textDocument/hover(50) 1ms
[2026-01-10 08:53:53.364] [info] [thread 15776] [Server.cpp:155] Ignore unhandled method: $/cancelRequest
[2026-01-10 08:53:55.051] [info] [thread 15776] [Server.cpp:163] <-- Handling request: textDocument/hover(51)
[2026-01-10 08:53:55.052] [info] [thread 15776] [Server.cpp:155] Ignore unhandled method: $/cancelRequest
[2026-01-10 08:53:55.052] [info] [thread 15776] [Server.cpp:170] --> Handled request: textDocument/hover(51) 0ms
[2026-01-10 08:53:57.615] [info] [thread 15776] [Server.cpp:163] <-- Handling request: textDocument/inlayHint(52)
[2026-01-10 08:53:57.617] [info] [thread 15776] [Server.cpp:170] --> Handled request: textDocument/inlayHint(52) 1ms
[2026-01-10 08:54:00.369] [info] [thread 15776] [Server.cpp:163] <-- Handling request: textDocument/inlayHint(53)
[2026-01-10 08:54:00.371] [info] [thread 15776] [Server.cpp:170] --> Handled request: textDocument/inlayHint(53) 2ms
[2026-01-10 08:54:06.184] [info] [thread 15776] [Server.cpp:163] <-- Handling request: textDocument/inlayHint(54)
[2026-01-10 08:54:06.198] [info] [thread 15776] [Server.cpp:170] --> Handled request: textDocument/inlayHint(54) 13ms
[2026-01-10 08:56:02.079] [info] [thread 15776] [Server.cpp:163] <-- Handling request: textDocument/hover(55)
[2026-01-10 08:56:02.080] [info] [thread 15776] [Server.cpp:170] --> Handled request: textDocument/hover(55) 1ms
[2026-01-10 08:56:14.777] [info] [thread 15776] [Server.cpp:173] <-- Handling notification: textDocument/didOpen
[2026-01-10 08:56:14.783] [info] [thread 15776] [Server.cpp:180] --> Handled notification: textDocument/didOpen 5ms
[2026-01-10 08:56:14.784] [info] [thread 15776] [Document.cpp:202] Start building PCH for C:\Users\HP\Desktop\PROJET_TUYAUX_2\logic.h, command: [ clang++ -std=c++20 -nostdlibinc --target=x86_64-w64-windows-gnu -isystem C:\msys64\ucrt64\include\c++\15.2.0 -isystem C:\msys64\ucrt64\include\c++\15.2.0\x86_64-w64-mingw32 -isystem C:\msys64\ucrt64\include\c++\15.2.0\backward -isystem C:\msys64\ucrt64\include -resource-dir=C:\Users\HP\AppData\Roaming\Code\User\globalStorage\ykiko.clice-vscode\lib\clang\21 C:\Users\HP\Desktop\PROJET_TUYAUX_2\logic.h]
[2026-01-10 08:56:15.190] [info] [thread 15776] [Server.cpp:163] <-- Handling request: textDocument/documentSymbol(56)
[2026-01-10 08:56:15.242] [info] [thread 15776] [Server.cpp:163] <-- Handling request: textDocument/semanticTokens/full(57)
[2026-01-10 08:56:15.660] [info] [thread 15776] [Server.cpp:163] <-- Handling request: textDocument/documentLink(58)
[2026-01-10 08:56:16.026] [info] [thread 15776] [Server.cpp:163] <-- Handling request: textDocument/foldingRange(59)
[2026-01-10 08:56:16.238] [info] [thread 15776] [Server.cpp:163] <-- Handling request: textDocument/inlayHint(60)
[2026-01-10 08:56:16.700] [info] [thread 15776] [Document.cpp:230] Building PCH successfully for C:\Users\HP\Desktop\PROJET_TUYAUX_2\logic.h
[2026-01-10 08:56:16.752] [info] [thread 15776] [Document.cpp:352] Building AST successfully for C:\Users\HP\Desktop\PROJET_TUYAUX_2\logic.h
[2026-01-10 08:56:16.753] [info] [thread 15776] [Server.cpp:170] --> Handled request: textDocument/documentSymbol(56) 1563ms
[2026-01-10 08:56:16.754] [info] [thread 15776] [Server.cpp:170] --> Handled request: textDocument/semanticTokens/full(57) 1512ms
[2026-01-10 08:56:16.754] [info] [thread 15776] [Server.cpp:170] --> Handled request: textDocument/documentLink(58) 1093ms
[2026-01-10 08:56:16.754] [info] [thread 15776] [Server.cpp:170] --> Handled request: textDocument/foldingRange(59) 728ms
[2026-01-10 08:56:16.754] [info] [thread 15776] [Server.cpp:170] --> Handled request: textDocument/inlayHint(60) 516ms
[2026-01-10 08:56:16.923] [info] [thread 15776] [Server.cpp:163] <-- Handling request: textDocument/hover(61)
[2026-01-10 08:56:16.946] [info] [thread 15776] [Server.cpp:170] --> Handled request: textDocument/hover(61) 23ms
[2026-01-10 08:56:17.395] [info] [thread 15776] [Server.cpp:155] Ignore unhandled method: $/cancelRequest
[2026-01-10 08:56:17.747] [info] [thread 15776] [Server.cpp:163] <-- Handling request: textDocument/inlayHint(62)
[2026-01-10 08:56:17.748] [info] [thread 15776] [Server.cpp:170] --> Handled request: textDocument/inlayHint(62) 0ms
[2026-01-10 08:56:22.126] [info] [thread 15776] [Server.cpp:163] <-- Handling request: textDocument/semanticTokens/full(63)
[2026-01-10 08:56:22.128] [info] [thread 15776] [Server.cpp:170] --> Handled request: textDocument/semanticTokens/full(63) 2ms
[2026-01-10 08:56:24.163] [info] [thread 15776] [Server.cpp:163] <-- Handling request: textDocument/foldingRange(64)
[2026-01-10 08:56:24.164] [info] [thread 15776] [Server.cpp:163] <-- Handling request: textDocument/hover(65)
[2026-01-10 08:56:24.164] [info] [thread 15776] [Server.cpp:170] --> Handled request: textDocument/foldingRange(64) 1ms
[2026-01-10 08:56:24.164] [info] [thread 15776] [Server.cpp:170] --> Handled request: textDocument/hover(65) 0ms
[2026-01-10 08:56:30.039] [info] [thread 15776] [Server.cpp:155] Ignore unhandled method: $/cancelRequest
[2026-01-10 08:56:30.039] [info] [thread 15776] [Server.cpp:163] <-- Handling request: textDocument/inlayHint(66)
[2026-01-10 08:56:30.040] [info] [thread 15776] [Server.cpp:170] --> Handled request: textDocument/inlayHint(66) 0ms
[2026-01-10 08:56:31.474] [info] [thread 15776] [Server.cpp:163] <-- Handling request: textDocument/inlayHint(67)
[2026-01-10 08:56:31.475] [info] [thread 15776] [Server.cpp:170] --> Handled request: textDocument/inlayHint(67) 1ms
[2026-01-10 08:56:32.572] [info] [thread 15776] [Server.cpp:163] <-- Handling request: textDocument/foldingRange(68)
[2026-01-10 08:56:32.574] [info] [thread 15776] [Server.cpp:170] --> Handled request: textDocument/foldingRange(68) 1ms
[2026-01-10 08:56:34.552] [info] [thread 15776] [Server.cpp:163] <-- Handling request: textDocument/inlayHint(69)
[2026-01-10 08:56:34.553] [info] [thread 15776] [Server.cpp:170] --> Handled request: textDocument/inlayHint(69) 0ms
[2026-01-10 08:56:36.004] [info] [thread 15776] [Server.cpp:163] <-- Handling request: textDocument/inlayHint(70)
[2026-01-10 08:56:36.005] [info] [thread 15776] [Server.cpp:170] --> Handled request: textDocument/inlayHint(70) 0ms
[2026-01-10 08:56:36.651] [info] [thread 15776] [Server.cpp:163] <-- Handling request: textDocument/inlayHint(71)
[2026-01-10 08:56:36.652] [info] [thread 15776] [Server.cpp:170] --> Handled request: textDocument/inlayHint(71) 1ms
[2026-01-10 08:56:37.212] [info] [thread 15776] [Server.cpp:163] <-- Handling request: textDocument/inlayHint(72)
[2026-01-10 08:56:37.213] [info] [thread 15776] [Server.cpp:170] --> Handled request: textDocument/inlayHint(72) 1ms
[2026-01-10 08:56:37.660] [info] [thread 15776] [Server.cpp:163] <-- Handling request: textDocument/inlayHint(73)
[2026-01-10 08:56:37.661] [info] [thread 15776] [Server.cpp:170] --> Handled request: textDocument/inlayHint(73) 1ms
[2026-01-10 08:56:37.978] [info] [thread 15776] [Server.cpp:163] <-- Handling request: textDocument/inlayHint(74)
[2026-01-10 08:56:37.979] [info] [thread 15776] [Server.cpp:170] --> Handled request: textDocument/inlayHint(74) 0ms
[2026-01-10 08:56:38.135] [info] [thread 15776] [Server.cpp:163] <-- Handling request: textDocument/inlayHint(75)
[2026-01-10 08:56:38.136] [info] [thread 15776] [Server.cpp:170] --> Handled request: textDocument/inlayHint(75) 0ms
[2026-01-10 08:56:41.433] [info] [thread 15776] [Server.cpp:173] <-- Handling notification: textDocument/didOpen
[2026-01-10 08:56:41.436] [info] [thread 15776] [Server.cpp:180] --> Handled notification: textDocument/didOpen 3ms
[2026-01-10 08:56:41.437] [info] [thread 15776] [Document.cpp:202] Start building PCH for C:\Users\HP\Desktop\PROJET_TUYAUX_2\logic.cpp, command: [ clang++ -std=c++20 -nostdlibinc --target=x86_64-w64-windows-gnu -isystem C:\msys64\ucrt64\include\c++\15.2.0 -isystem C:\msys64\ucrt64\include\c++\15.2.0\x86_64-w64-mingw32 -isystem C:\msys64\ucrt64\include\c++\15.2.0\backward -isystem C:\msys64\ucrt64\include -resource-dir=C:\Users\HP\AppData\Roaming\Code\User\globalStorage\ykiko.clice-vscode\lib\clang\21 C:\Users\HP\Desktop\PROJET_TUYAUX_2\logic.cpp]
[2026-01-10 08:56:42.012] [info] [thread 15776] [Server.cpp:163] <-- Handling request: textDocument/documentSymbol(76)
[2026-01-10 08:56:42.247] [info] [thread 15776] [Server.cpp:163] <-- Handling request: textDocument/semanticTokens/full(77)
[2026-01-10 08:56:42.468] [info] [thread 15776] [Server.cpp:163] <-- Handling request: textDocument/documentLink(78)
[2026-01-10 08:56:42.762] [info] [thread 15776] [Server.cpp:163] <-- Handling request: textDocument/foldingRange(79)
[2026-01-10 08:56:42.763] [info] [thread 15776] [Server.cpp:163] <-- Handling request: textDocument/inlayHint(80)
[2026-01-10 08:56:42.908] [info] [thread 15776] [Document.cpp:230] Building PCH successfully for C:\Users\HP\Desktop\PROJET_TUYAUX_2\logic.cpp
[2026-01-10 08:56:42.958] [info] [thread 15776] [Document.cpp:352] Building AST successfully for C:\Users\HP\Desktop\PROJET_TUYAUX_2\logic.cpp
[2026-01-10 08:56:42.963] [info] [thread 15776] [Server.cpp:170] --> Handled request: textDocument/documentSymbol(76) 951ms
[2026-01-10 08:56:42.963] [info] [thread 15776] [Server.cpp:170] --> Handled request: textDocument/semanticTokens/full(77) 716ms
[2026-01-10 08:56:42.963] [info] [thread 15776] [Server.cpp:170] --> Handled request: textDocument/documentLink(78) 495ms
[2026-01-10 08:56:42.963] [info] [thread 15776] [Server.cpp:170] --> Handled request: textDocument/foldingRange(79) 201ms
[2026-01-10 08:56:42.964] [info] [thread 15776] [Server.cpp:170] --> Handled request: textDocument/inlayHint(80) 201ms
[2026-01-10 08:56:43.197] [info] [thread 15776] [Server.cpp:155] Ignore unhandled method: $/cancelRequest
[2026-01-10 08:56:43.280] [info] [thread 15776] [Server.cpp:163] <-- Handling request: textDocument/foldingRange(81)
[2026-01-10 08:56:43.284] [info] [thread 15776] [Server.cpp:170] --> Handled request: textDocument/foldingRange(81) 3ms
[2026-01-10 08:56:43.572] [info] [thread 15776] [Server.cpp:163] <-- Handling request: textDocument/semanticTokens/full(82)
[2026-01-10 08:56:43.573] [info] [thread 15776] [Server.cpp:170] --> Handled request: textDocument/semanticTokens/full(82) 1ms
[2026-01-10 08:56:43.823] [info] [thread 15776] [Server.cpp:155] Ignore unhandled method: $/cancelRequest
[2026-01-10 08:56:44.423] [info] [thread 15776] [Server.cpp:163] <-- Handling request: textDocument/foldingRange(83)
[2026-01-10 08:56:44.424] [info] [thread 15776] [Server.cpp:170] --> Handled request: textDocument/foldingRange(83) 1ms
[2026-01-10 08:56:53.291] [info] [thread 15776] [Server.cpp:163] <-- Handling request: textDocument/inlayHint(84)
[2026-01-10 08:56:53.291] [info] [thread 15776] [Server.cpp:163] <-- Handling request: textDocument/semanticTokens/full(85)
[2026-01-10 08:56:53.292] [info] [thread 15776] [Server.cpp:170] --> Handled request: textDocument/inlayHint(84) 1ms
[2026-01-10 08:56:53.293] [info] [thread 15776] [Server.cpp:170] --> Handled request: textDocument/semanticTokens/full(85) 1ms
[2026-01-10 08:56:56.617] [info] [thread 15776] [Server.cpp:163] <-- Handling request: textDocument/foldingRange(86)
[2026-01-10 08:56:56.617] [info] [thread 15776] [Server.cpp:163] <-- Handling request: textDocument/inlayHint(87)
[2026-01-10 08:56:56.618] [info] [thread 15776] [Server.cpp:170] --> Handled request: textDocument/foldingRange(86) 1ms
[2026-01-10 08:56:56.618] [info] [thread 15776] [Server.cpp:170] --> Handled request: textDocument/inlayHint(87) 0ms
[2026-01-10 08:58:15.656] [info] [thread 15776] [Server.cpp:163] <-- Handling request: textDocument/inlayHint(88)
[2026-01-10 08:58:15.658] [info] [thread 15776] [Server.cpp:170] --> Handled request: textDocument/inlayHint(88) 1ms
[2026-01-10 08:58:17.101] [info] [thread 15776] [Server.cpp:163] <-- Handling request: textDocument/inlayHint(89)
[2026-01-10 08:58:17.102] [info] [thread 15776] [Server.cpp:170] --> Handled request: textDocument/inlayHint(89) 1ms
[2026-01-10 08:58:18.177] [info] [thread 15776] [Server.cpp:163] <-- Handling request: textDocument/inlayHint(90)
[2026-01-10 08:58:18.181] [info] [thread 15776] [Server.cpp:170] --> Handled request: textDocument/inlayHint(90) 4ms
[2026-01-10 08:58:22.759] [info] [thread 15776] [Server.cpp:163] <-- Handling request: textDocument/inlayHint(91)
[2026-01-10 08:58:22.761] [info] [thread 15776] [Server.cpp:170] --> Handled request: textDocument/inlayHint(91) 1ms
[2026-01-10 08:58:24.164] [info] [thread 15776] [Server.cpp:163] <-- Handling request: textDocument/inlayHint(92)
[2026-01-10 08:58:24.165] [info] [thread 15776] [Server.cpp:170] --> Handled request: textDocument/inlayHint(92) 1ms
[2026-01-10 08:58:41.709] [info] [thread 15776] [Server.cpp:163] <-- Handling request: textDocument/inlayHint(93)
[2026-01-10 08:58:41.710] [info] [thread 15776] [Server.cpp:170] --> Handled request: textDocument/inlayHint(93) 1ms
[2026-01-10 08:58:42.176] [info] [thread 15776] [Server.cpp:163] <-- Handling request: textDocument/inlayHint(94)
[2026-01-10 08:58:42.177] [info] [thread 15776] [Server.cpp:170] --> Handled request: textDocument/inlayHint(94) 1ms
[2026-01-10 08:58:42.253] [info] [thread 15776] [Server.cpp:163] <-- Handling request: textDocument/inlayHint(95)
[2026-01-10 08:58:42.255] [info] [thread 15776] [Server.cpp:170] --> Handled request: textDocument/inlayHint(95) 1ms
[2026-01-10 08:58:47.930] [info] [thread 15776] [Server.cpp:163] <-- Handling request: textDocument/inlayHint(96)
[2026-01-10 08:58:47.931] [info] [thread 15776] [Server.cpp:170] --> Handled request: textDocument/inlayHint(96) 1ms
[2026-01-10 08:58:47.984] [info] [thread 15776] [Server.cpp:163] <-- Handling request: textDocument/inlayHint(97)
[2026-01-10 08:58:47.985] [info] [thread 15776] [Server.cpp:170] --> Handled request: textDocument/inlayHint(97) 1ms
[2026-01-10 08:58:48.019] [info] [thread 15776] [Server.cpp:163] <-- Handling request: textDocument/inlayHint(98)
[2026-01-10 08:58:48.020] [info] [thread 15776] [Server.cpp:170] --> Handled request: textDocument/inlayHint(98) 1ms
[2026-01-10 08:59:05.687] [info] [thread 15776] [Server.cpp:163] <-- Handling request: textDocument/inlayHint(99)
[2026-01-10 08:59:05.688] [info] [thread 15776] [Server.cpp:170] --> Handled request: textDocument/inlayHint(99) 1ms
[2026-01-10 08:59:05.735] [info] [thread 15776] [Server.cpp:163] <-- Handling request: textDocument/inlayHint(100)
[2026-01-10 08:59:05.736] [info] [thread 15776] [Server.cpp:170] --> Handled request: textDocument/inlayHint(100) 1ms
[2026-01-10 08:59:05.768] [info] [thread 15776] [Server.cpp:163] <-- Handling request: textDocument/inlayHint(101)
[2026-01-10 08:59:05.769] [info] [thread 15776] [Server.cpp:170] --> Handled request: textDocument/inlayHint(101) 1ms
[2026-01-10 08:59:05.798] [info] [thread 15776] [Server.cpp:163] <-- Handling request: textDocument/inlayHint(102)
[2026-01-10 08:59:05.800] [info] [thread 15776] [Server.cpp:170] --> Handled request: textDocument/inlayHint(102) 1ms
[2026-01-10 08:59:05.862] [info] [thread 15776] [Server.cpp:163] <-- Handling request: textDocument/inlayHint(103)
[2026-01-10 08:59:05.863] [info] [thread 15776] [Server.cpp:170] --> Handled request: textDocument/inlayHint(103) 1ms
[2026-01-10 08:59:05.915] [info] [thread 15776] [Server.cpp:163] <-- Handling request: textDocument/inlayHint(104)
[2026-01-10 08:59:05.916] [info] [thread 15776] [Server.cpp:170] --> Handled request: textDocument/inlayHint(104) 1ms
[2026-01-10 08:59:06.045] [info] [thread 15776] [Server.cpp:163] <-- Handling request: textDocument/inlayHint(105)
[2026-01-10 08:59:06.046] [info] [thread 15776] [Server.cpp:170] --> Handled request: textDocument/inlayHint(105) 1ms
[2026-01-10 08:59:06.085] [info] [thread 15776] [Server.cpp:163] <-- Handling request: textDocument/inlayHint(106)
[2026-01-10 08:59:06.086] [info] [thread 15776] [Server.cpp:170] --> Handled request: textDocument/inlayHint(106) 1ms
[2026-01-10 08:59:06.145] [info] [thread 15776] [Server.cpp:163] <-- Handling request: textDocument/inlayHint(107)
[2026-01-10 08:59:06.146] [info] [thread 15776] [Server.cpp:170] --> Handled request: textDocument/inlayHint(107) 1ms
[2026-01-10 08:59:06.202] [info] [thread 15776] [Server.cpp:163] <-- Handling request: textDocument/inlayHint(108)
[2026-01-10 08:59:06.203] [info] [thread 15776] [Server.cpp:170] --> Handled request: textDocument/inlayHint(108) 1ms
[2026-01-10 08:59:06.280] [info] [thread 15776] [Server.cpp:163] <-- Handling request: textDocument/inlayHint(109)
[2026-01-10 08:59:06.282] [info] [thread 15776] [Server.cpp:170] --> Handled request: textDocument/inlayHint(109) 1ms
[2026-01-10 08:59:06.695] [info] [thread 15776] [Server.cpp:163] <-- Handling request: textDocument/inlayHint(110)
[2026-01-10 08:59:06.696] [info] [thread 15776] [Server.cpp:170] --> Handled request: textDocument/inlayHint(110) 1ms
[2026-01-10 08:59:06.734] [info] [thread 15776] [Server.cpp:163] <-- Handling request: textDocument/inlayHint(111)
[2026-01-10 08:59:06.735] [info] [thread 15776] [Server.cpp:170] --> Handled request: textDocument/inlayHint(111) 1ms
[2026-01-10 08:59:07.597] [info] [thread 15776] [Server.cpp:163] <-- Handling request: textDocument/inlayHint(112)
[2026-01-10 08:59:07.598] [info] [thread 15776] [Server.cpp:170] --> Handled request: textDocument/inlayHint(112) 1ms
[2026-01-10 08:59:07.684] [info] [thread 15776] [Server.cpp:163] <-- Handling request: textDocument/inlayHint(113)
[2026-01-10 08:59:07.685] [info] [thread 15776] [Server.cpp:170] --> Handled request: textDocument/inlayHint(113) 1ms
[2026-01-10 08:59:07.750] [info] [thread 15776] [Server.cpp:163] <-- Handling request: textDocument/inlayHint(114)
[2026-01-10 08:59:07.751] [info] [thread 15776] [Server.cpp:170] --> Handled request: textDocument/inlayHint(114) 1ms
[2026-01-10 08:59:09.999] [info] [thread 15776] [Server.cpp:163] <-- Handling request: textDocument/inlayHint(115)
[2026-01-10 08:59:10.001] [info] [thread 15776] [Server.cpp:170] --> Handled request: textDocument/inlayHint(115) 1ms
[2026-01-10 08:59:10.033] [info] [thread 15776] [Server.cpp:163] <-- Handling request: textDocument/inlayHint(116)
[2026-01-10 08:59:10.034] [info] [thread 15776] [Server.cpp:170] --> Handled request: textDocument/inlayHint(116) 1ms
[2026-01-10 08:59:10.649] [info] [thread 15776] [Server.cpp:163] <-- Handling request: textDocument/inlayHint(117)
[2026-01-10 08:59:10.650] [info] [thread 15776] [Server.cpp:170] --> Handled request: textDocument/inlayHint(117) 1ms
[2026-01-10 08:59:10.680] [info] [thread 15776] [Server.cpp:163] <-- Handling request: textDocument/inlayHint(118)
[2026-01-10 08:59:10.681] [info] [thread 15776] [Server.cpp:170] --> Handled request: textDocument/inlayHint(118) 1ms
[2026-01-10 08:59:10.760] [info] [thread 15776] [Server.cpp:163] <-- Handling request: textDocument/inlayHint(119)
[2026-01-10 08:59:10.799] [info] [thread 15776] [Server.cpp:170] --> Handled request: textDocument/inlayHint(119) 38ms
[2026-01-10 08:59:11.113] [info] [thread 15776] [Server.cpp:163] <-- Handling request: textDocument/inlayHint(120)
[2026-01-10 08:59:11.114] [info] [thread 15776] [Server.cpp:170] --> Handled request: textDocument/inlayHint(120) 1ms
[2026-01-10 08:59:11.180] [info] [thread 15776] [Server.cpp:163] <-- Handling request: textDocument/inlayHint(121)
[2026-01-10 08:59:11.181] [info] [thread 15776] [Server.cpp:170] --> Handled request: textDocument/inlayHint(121) 1ms
[2026-01-10 08:59:11.313] [info] [thread 15776] [Server.cpp:163] <-- Handling request: textDocument/inlayHint(122)
[2026-01-10 08:59:11.314] [info] [thread 15776] [Server.cpp:170] --> Handled request: textDocument/inlayHint(122) 1ms
[2026-01-10 08:59:11.396] [info] [thread 15776] [Server.cpp:163] <-- Handling request: textDocument/inlayHint(123)
[2026-01-10 08:59:11.397] [info] [thread 15776] [Server.cpp:170] --> Handled request: textDocument/inlayHint(123) 1ms
[2026-01-10 08:59:11.597] [info] [thread 15776] [Server.cpp:163] <-- Handling request: textDocument/inlayHint(124)
[2026-01-10 08:59:11.598] [info] [thread 15776] [Server.cpp:170] --> Handled request: textDocument/inlayHint(124) 1ms
[2026-01-10 08:59:11.679] [info] [thread 15776] [Server.cpp:163] <-- Handling request: textDocument/inlayHint(125)
[2026-01-10 08:59:11.680] [info] [thread 15776] [Server.cpp:170] --> Handled request: textDocument/inlayHint(125) 1ms
[2026-01-10 08:59:12.078] [info] [thread 15776] [Server.cpp:163] <-- Handling request: textDocument/inlayHint(126)
[2026-01-10 08:59:12.080] [info] [thread 15776] [Server.cpp:170] --> Handled request: textDocument/inlayHint(126) 1ms
[2026-01-10 08:59:12.579] [info] [thread 15776] [Server.cpp:163] <-- Handling request: textDocument/inlayHint(127)
[2026-01-10 08:59:12.580] [info] [thread 15776] [Server.cpp:170] --> Handled request: textDocument/inlayHint(127) 1ms
[2026-01-10 08:59:12.608] [info] [thread 15776] [Server.cpp:163] <-- Handling request: textDocument/inlayHint(128)
[2026-01-10 08:59:12.609] [info] [thread 15776] [Server.cpp:170] --> Handled request: textDocument/inlayHint(128) 1ms
[2026-01-10 08:59:13.477] [info] [thread 15776] [Server.cpp:163] <-- Handling request: textDocument/inlayHint(129)
[2026-01-10 08:59:13.478] [info] [thread 15776] [Server.cpp:170] --> Handled request: textDocument/inlayHint(129) 1ms
[2026-01-10 08:59:13.511] [info] [thread 15776] [Server.cpp:163] <-- Handling request: textDocument/inlayHint(130)
[2026-01-10 08:59:13.512] [info] [thread 15776] [Server.cpp:170] --> Handled request: textDocument/inlayHint(130) 1ms
[2026-01-10 08:59:13.563] [info] [thread 15776] [Server.cpp:163] <-- Handling request: textDocument/inlayHint(131)
[2026-01-10 08:59:13.567] [info] [thread 15776] [Server.cpp:170] --> Handled request: textDocument/inlayHint(131) 3ms
[2026-01-10 08:59:13.628] [info] [thread 15776] [Server.cpp:163] <-- Handling request: textDocument/inlayHint(132)
[2026-01-10 08:59:13.629] [info] [thread 15776] [Server.cpp:170] --> Handled request: textDocument/inlayHint(132) 1ms
[2026-01-10 08:59:14.222] [info] [thread 15776] [Server.cpp:163] <-- Handling request: textDocument/inlayHint(133)
[2026-01-10 08:59:14.223] [info] [thread 15776] [Server.cpp:170] --> Handled request: textDocument/inlayHint(133) 1ms
[2026-01-10 08:59:14.261] [info] [thread 15776] [Server.cpp:163] <-- Handling request: textDocument/inlayHint(134)
[2026-01-10 08:59:14.262] [info] [thread 15776] [Server.cpp:170] --> Handled request: textDocument/inlayHint(134) 1ms
[2026-01-10 08:59:14.355] [info] [thread 15776] [Server.cpp:163] <-- Handling request: textDocument/inlayHint(135)
[2026-01-10 08:59:14.356] [info] [thread 15776] [Server.cpp:170] --> Handled request: textDocument/inlayHint(135) 1ms
[2026-01-10 08:59:14.394] [info] [thread 15776] [Server.cpp:163] <-- Handling request: textDocument/inlayHint(136)
[2026-01-10 08:59:14.395] [info] [thread 15776] [Server.cpp:170] --> Handled request: textDocument/inlayHint(136) 1ms
[2026-01-10 08:59:14.428] [info] [thread 15776] [Server.cpp:163] <-- Handling request: textDocument/inlayHint(137)
[2026-01-10 08:59:14.429] [info] [thread 15776] [Server.cpp:170] --> Handled request: textDocument/inlayHint(137) 1ms
[2026-01-10 08:59:14.461] [info] [thread 15776] [Server.cpp:163] <-- Handling request: textDocument/inlayHint(138)
[2026-01-10 08:59:14.462] [info] [thread 15776] [Server.cpp:170] --> Handled request: textDocument/inlayHint(138) 1ms
[2026-01-10 08:59:14.493] [info] [thread 15776] [Server.cpp:163] <-- Handling request: textDocument/inlayHint(139)
[2026-01-10 08:59:14.494] [info] [thread 15776] [Server.cpp:170] --> Handled request: textDocument/inlayHint(139) 1ms
[2026-01-10 08:59:14.544] [info] [thread 15776] [Server.cpp:163] <-- Handling request: textDocument/inlayHint(140)
[2026-01-10 08:59:14.545] [info] [thread 15776] [Server.cpp:170] --> Handled request: textDocument/inlayHint(140) 1ms
[2026-01-10 08:59:14.611] [info] [thread 15776] [Server.cpp:163] <-- Handling request: textDocument/inlayHint(141)
[2026-01-10 08:59:14.612] [info] [thread 15776] [Server.cpp:170] --> Handled request: textDocument/inlayHint(141) 1ms
[2026-01-10 08:59:14.770] [info] [thread 15776] [Server.cpp:163] <-- Handling request: textDocument/inlayHint(142)
[2026-01-10 08:59:14.771] [info] [thread 15776] [Server.cpp:170] --> Handled request: textDocument/inlayHint(142) 1ms
[2026-01-10 08:59:14.827] [info] [thread 15776] [Server.cpp:163] <-- Handling request: textDocument/inlayHint(143)
[2026-01-10 08:59:14.828] [info] [thread 15776] [Server.cpp:170] --> Handled request: textDocument/inlayHint(143) 1ms
[2026-01-10 08:59:14.872] [info] [thread 15776] [Server.cpp:163] <-- Handling request: textDocument/inlayHint(144)
[2026-01-10 08:59:14.874] [info] [thread 15776] [Server.cpp:170] --> Handled request: textDocument/inlayHint(144) 1ms
[2026-01-10 08:59:16.442] [info] [thread 15776] [Server.cpp:163] <-- Handling request: textDocument/inlayHint(145)
[2026-01-10 08:59:16.444] [info] [thread 15776] [Server.cpp:170] --> Handled request: textDocument/inlayHint(145) 1ms
[2026-01-10 08:59:16.544] [info] [thread 15776] [Server.cpp:163] <-- Handling request: textDocument/inlayHint(146)
[2026-01-10 08:59:16.545] [info] [thread 15776] [Server.cpp:170] --> Handled request: textDocument/inlayHint(146) 1ms
[2026-01-10 08:59:16.625] [info] [thread 15776] [Server.cpp:163] <-- Handling request: textDocument/inlayHint(147)
[2026-01-10 08:59:16.626] [info] [thread 15776] [Server.cpp:170] --> Handled request: textDocument/inlayHint(147) 1ms
[2026-01-10 08:59:17.092] [info] [thread 15776] [Server.cpp:163] <-- Handling request: textDocument/inlayHint(148)
[2026-01-10 08:59:17.094] [info] [thread 15776] [Server.cpp:170] --> Handled request: textDocument/inlayHint(148) 2ms
[2026-01-10 08:59:17.168] [info] [thread 15776] [Server.cpp:163] <-- Handling request: textDocument/inlayHint(149)
[2026-01-10 08:59:17.170] [info] [thread 15776] [Server.cpp:170] --> Handled request: textDocument/inlayHint(149) 1ms
[2026-01-10 08:59:17.308] [info] [thread 15776] [Server.cpp:163] <-- Handling request: textDocument/inlayHint(150)
[2026-01-10 08:59:17.309] [info] [thread 15776] [Server.cpp:170] --> Handled request: textDocument/inlayHint(150) 1ms
[2026-01-10 08:59:18.075] [info] [thread 15776] [Server.cpp:163] <-- Handling request: textDocument/inlayHint(151)
[2026-01-10 08:59:18.076] [info] [thread 15776] [Server.cpp:170] --> Handled request: textDocument/inlayHint(151) 1ms
[2026-01-10 08:59:18.688] [info] [thread 15776] [Server.cpp:163] <-- Handling request: textDocument/inlayHint(152)
[2026-01-10 08:59:18.689] [info] [thread 15776] [Server.cpp:170] --> Handled request: textDocument/inlayHint(152) 1ms
[2026-01-10 08:59:30.928] [info] [thread 15776] [Server.cpp:163] <-- Handling request: textDocument/inlayHint(153)
[2026-01-10 08:59:30.929] [info] [thread 15776] [Server.cpp:170] --> Handled request: textDocument/inlayHint(153) 1ms
[2026-01-10 08:59:33.742] [info] [thread 15776] [Server.cpp:163] <-- Handling request: textDocument/inlayHint(154)
[2026-01-10 08:59:33.743] [info] [thread 15776] [Server.cpp:170] --> Handled request: textDocument/inlayHint(154) 1ms
[2026-01-10 08:59:34.158] [info] [thread 15776] [Server.cpp:163] <-- Handling request: textDocument/inlayHint(155)
[2026-01-10 08:59:34.190] [info] [thread 15776] [Server.cpp:170] --> Handled request: textDocument/inlayHint(155) 32ms
[2026-01-10 08:59:34.243] [info] [thread 15776] [Server.cpp:163] <-- Handling request: textDocument/inlayHint(156)
[2026-01-10 08:59:34.245] [info] [thread 15776] [Server.cpp:170] --> Handled request: textDocument/inlayHint(156) 2ms
[2026-01-10 08:59:35.271] [info] [thread 15776] [Server.cpp:163] <-- Handling request: textDocument/inlayHint(157)
[2026-01-10 08:59:35.272] [info] [thread 15776] [Server.cpp:170] --> Handled request: textDocument/inlayHint(157) 1ms
[2026-01-10 08:59:35.582] [info] [thread 15776] [Server.cpp:163] <-- Handling request: textDocument/inlayHint(158)
[2026-01-10 08:59:35.583] [info] [thread 15776] [Server.cpp:170] --> Handled request: textDocument/inlayHint(158) 0ms
[2026-01-10 08:59:36.220] [info] [thread 15776] [Server.cpp:163] <-- Handling request: textDocument/inlayHint(159)
[2026-01-10 08:59:36.222] [info] [thread 15776] [Server.cpp:170] --> Handled request: textDocument/inlayHint(159) 2ms
[2026-01-10 08:59:36.417] [info] [thread 15776] [Server.cpp:163] <-- Handling request: textDocument/inlayHint(160)
[2026-01-10 08:59:36.419] [info] [thread 15776] [Server.cpp:170] --> Handled request: textDocument/inlayHint(160) 1ms
[2026-01-10 08:59:36.451] [info] [thread 15776] [Server.cpp:163] <-- Handling request: textDocument/inlayHint(161)
[2026-01-10 08:59:36.453] [info] [thread 15776] [Server.cpp:170] --> Handled request: textDocument/inlayHint(161) 1ms
[2026-01-10 08:59:36.773] [info] [thread 15776] [Server.cpp:163] <-- Handling request: textDocument/inlayHint(162)
[2026-01-10 08:59:36.774] [info] [thread 15776] [Server.cpp:170] --> Handled request: textDocument/inlayHint(162) 1ms
[2026-01-10 08:59:36.838] [info] [thread 15776] [Server.cpp:163] <-- Handling request: textDocument/inlayHint(163)
[2026-01-10 08:59:36.839] [info] [thread 15776] [Server.cpp:170] --> Handled request: textDocument/inlayHint(163) 0ms
[2026-01-10 08:59:41.777] [info] [thread 15776] [Server.cpp:163] <-- Handling request: textDocument/inlayHint(164)
[2026-01-10 08:59:41.778] [info] [thread 15776] [Server.cpp:170] --> Handled request: textDocument/inlayHint(164) 1ms
[2026-01-10 08:59:41.983] [info] [thread 15776] [Server.cpp:163] <-- Handling request: textDocument/inlayHint(165)
[2026-01-10 08:59:41.984] [info] [thread 15776] [Server.cpp:170] --> Handled request: textDocument/inlayHint(165) 1ms
[2026-01-10 08:59:42.036] [info] [thread 15776] [Server.cpp:163] <-- Handling request: textDocument/inlayHint(166)
[2026-01-10 08:59:42.037] [info] [thread 15776] [Server.cpp:170] --> Handled request: textDocument/inlayHint(166) 1ms
[2026-01-10 08:59:42.816] [info] [thread 15776] [Server.cpp:163] <-- Handling request: textDocument/inlayHint(167)
[2026-01-10 08:59:42.818] [info] [thread 15776] [Server.cpp:170] --> Handled request: textDocument/inlayHint(167) 1ms
[2026-01-10 08:59:43.049] [info] [thread 15776] [Server.cpp:163] <-- Handling request: textDocument/inlayHint(168)
[2026-01-10 08:59:43.050] [info] [thread 15776] [Server.cpp:170] --> Handled request: textDocument/inlayHint(168) 1ms
[2026-01-10 08:59:43.460] [info] [thread 15776] [Server.cpp:163] <-- Handling request: textDocument/inlayHint(169)
[2026-01-10 08:59:43.461] [info] [thread 15776] [Server.cpp:170] --> Handled request: textDocument/inlayHint(169) 1ms
[2026-01-10 08:59:43.582] [info] [thread 15776] [Server.cpp:163] <-- Handling request: textDocument/inlayHint(170)
[2026-01-10 08:59:43.584] [info] [thread 15776] [Server.cpp:170] --> Handled request: textDocument/inlayHint(170) 1ms
[2026-01-10 08:59:43.648] [info] [thread 15776] [Server.cpp:163] <-- Handling request: textDocument/inlayHint(171)
[2026-01-10 08:59:43.650] [info] [thread 15776] [Server.cpp:170] --> Handled request: textDocument/inlayHint(171) 1ms
[2026-01-10 08:59:43.828] [info] [thread 15776] [Server.cpp:163] <-- Handling request: textDocument/inlayHint(172)
[2026-01-10 08:59:43.832] [info] [thread 15776] [Server.cpp:170] --> Handled request: textDocument/inlayHint(172) 3ms
[2026-01-10 08:59:44.073] [info] [thread 15776] [Server.cpp:163] <-- Handling request: textDocument/inlayHint(173)
[2026-01-10 08:59:44.075] [info] [thread 15776] [Server.cpp:170] --> Handled request: textDocument/inlayHint(173) 1ms
[2026-01-10 08:59:44.300] [info] [thread 15776] [Server.cpp:163] <-- Handling request: textDocument/inlayHint(174)
[2026-01-10 08:59:44.301] [info] [thread 15776] [Server.cpp:170] --> Handled request: textDocument/inlayHint(174) 1ms
[2026-01-10 08:59:44.339] [info] [thread 15776] [Server.cpp:163] <-- Handling request: textDocument/inlayHint(175)
[2026-01-10 08:59:44.340] [info] [thread 15776] [Server.cpp:170] --> Handled request: textDocument/inlayHint(175) 1ms
[2026-01-10 08:59:45.522] [info] [thread 15776] [Server.cpp:163] <-- Handling request: textDocument/inlayHint(176)
[2026-01-10 08:59:45.523] [info] [thread 15776] [Server.cpp:170] --> Handled request: textDocument/inlayHint(176) 1ms
[2026-01-10 08:59:45.623] [info] [thread 15776] [Server.cpp:163] <-- Handling request: textDocument/inlayHint(177)
[2026-01-10 08:59:45.624] [info] [thread 15776] [Server.cpp:170] --> Handled request: textDocument/inlayHint(177) 1ms
[2026-01-10 08:59:45.721] [info] [thread 15776] [Server.cpp:163] <-- Handling request: textDocument/inlayHint(178)
[2026-01-10 08:59:45.722] [info] [thread 15776] [Server.cpp:170] --> Handled request: textDocument/inlayHint(178) 1ms
[2026-01-10 08:59:45.796] [info] [thread 15776] [Server.cpp:163] <-- Handling request: textDocument/inlayHint(179)
[2026-01-10 08:59:45.797] [info] [thread 15776] [Server.cpp:170] --> Handled request: textDocument/inlayHint(179) 1ms
[2026-01-10 08:59:45.874] [info] [thread 15776] [Server.cpp:163] <-- Handling request: textDocument/inlayHint(180)
[2026-01-10 08:59:45.875] [info] [thread 15776] [Server.cpp:170] --> Handled request: textDocument/inlayHint(180) 1ms
[2026-01-10 08:59:46.429] [info] [thread 15776] [Server.cpp:163] <-- Handling request: textDocument/inlayHint(181)
[2026-01-10 08:59:46.430] [info] [thread 15776] [Server.cpp:170] --> Handled request: textDocument/inlayHint(181) 1ms
[2026-01-10 08:59:46.456] [info] [thread 15776] [Server.cpp:163] <-- Handling request: textDocument/inlayHint(182)
[2026-01-10 08:59:46.457] [info] [thread 15776] [Server.cpp:170] --> Handled request: textDocument/inlayHint(182) 1ms
[2026-01-10 08:59:46.511] [info] [thread 15776] [Server.cpp:163] <-- Handling request: textDocument/inlayHint(183)
[2026-01-10 08:59:46.513] [info] [thread 15776] [Server.cpp:170] --> Handled request: textDocument/inlayHint(183) 1ms
[2026-01-10 08:59:47.240] [info] [thread 15776] [Server.cpp:163] <-- Handling request: textDocument/inlayHint(184)
[2026-01-10 08:59:47.241] [info] [thread 15776] [Server.cpp:170] --> Handled request: textDocument/inlayHint(184) 1ms
[2026-01-10 08:59:47.345] [info] [thread 15776] [Server.cpp:163] <-- Handling request: textDocument/inlayHint(185)
[2026-01-10 08:59:47.346] [info] [thread 15776] [Server.cpp:170] --> Handled request: textDocument/inlayHint(185) 0ms
[2026-01-10 08:59:47.395] [info] [thread 15776] [Server.cpp:163] <-- Handling request: textDocument/inlayHint(186)
[2026-01-10 08:59:47.396] [info] [thread 15776] [Server.cpp:170] --> Handled request: textDocument/inlayHint(186) 0ms
[2026-01-10 08:59:59.496] [info] [thread 15776] [Server.cpp:163] <-- Handling request: textDocument/inlayHint(187)
[2026-01-10 08:59:59.510] [info] [thread 15776] [Server.cpp:170] --> Handled request: textDocument/inlayHint(187) 13ms
[2026-01-10 08:59:59.713] [info] [thread 15776] [Server.cpp:163] <-- Handling request: textDocument/inlayHint(188)
[2026-01-10 08:59:59.715] [info] [thread 15776] [Server.cpp:170] --> Handled request: textDocument/inlayHint(188) 1ms
[2026-01-10 08:59:59.751] [info] [thread 15776] [Server.cpp:163] <-- Handling request: textDocument/inlayHint(189)
[2026-01-10 08:59:59.752] [info] [thread 15776] [Server.cpp:170] --> Handled request: textDocument/inlayHint(189) 1ms
[2026-01-10 08:59:59.810] [info] [thread 15776] [Server.cpp:163] <-- Handling request: textDocument/inlayHint(190)
[2026-01-10 08:59:59.811] [info] [thread 15776] [Server.cpp:170] --> Handled request: textDocument/inlayHint(190) 1ms
[2026-01-10 09:00:00.198] [info] [thread 15776] [Server.cpp:163] <-- Handling request: textDocument/inlayHint(191)
[2026-01-10 09:00:00.199] [info] [thread 15776] [Server.cpp:170] --> Handled request: textDocument/inlayHint(191) 1ms
[2026-01-10 09:00:00.233] [info] [thread 15776] [Server.cpp:163] <-- Handling request: textDocument/inlayHint(192)
[2026-01-10 09:00:00.235] [info] [thread 15776] [Server.cpp:170] --> Handled request: textDocument/inlayHint(192) 1ms
[2026-01-10 09:00:00.267] [info] [thread 15776] [Server.cpp:163] <-- Handling request: textDocument/inlayHint(193)
[2026-01-10 09:00:00.268] [info] [thread 15776] [Server.cpp:170] --> Handled request: textDocument/inlayHint(193) 1ms
[2026-01-10 09:00:00.301] [info] [thread 15776] [Server.cpp:163] <-- Handling request: textDocument/inlayHint(194)
[2026-01-10 09:00:00.303] [info] [thread 15776] [Server.cpp:170] --> Handled request: textDocument/inlayHint(194) 1ms
[2026-01-10 09:00:00.566] [info] [thread 15776] [Server.cpp:163] <-- Handling request: textDocument/inlayHint(195)
[2026-01-10 09:00:00.567] [info] [thread 15776] [Server.cpp:170] --> Handled request: textDocument/inlayHint(195) 0ms
[2026-01-10 09:00:00.666] [info] [thread 15776] [Server.cpp:163] <-- Handling request: textDocument/inlayHint(196)
[2026-01-10 09:00:00.667] [info] [thread 15776] [Server.cpp:170] --> Handled request: textDocument/inlayHint(196) 1ms
[2026-01-10 09:00:00.717] [info] [thread 15776] [Server.cpp:163] <-- Handling request: textDocument/inlayHint(197)
[2026-01-10 09:00:00.718] [info] [thread 15776] [Server.cpp:170] --> Handled request: textDocument/inlayHint(197) 1ms
[2026-01-10 09:00:01.034] [info] [thread 15776] [Server.cpp:163] <-- Handling request: textDocument/inlayHint(198)
[2026-01-10 09:00:01.039] [info] [thread 15776] [Server.cpp:170] --> Handled request: textDocument/inlayHint(198) 5ms
[2026-01-10 09:00:01.431] [info] [thread 15776] [Server.cpp:163] <-- Handling request: textDocument/inlayHint(199)
[2026-01-10 09:00:01.432] [info] [thread 15776] [Server.cpp:170] --> Handled request: textDocument/inlayHint(199) 1ms
[2026-01-10 09:00:01.682] [info] [thread 15776] [Server.cpp:163] <-- Handling request: textDocument/inlayHint(200)
[2026-01-10 09:00:01.683] [info] [thread 15776] [Server.cpp:170] --> Handled request: textDocument/inlayHint(200) 1ms
[2026-01-10 09:00:01.765] [info] [thread 15776] [Server.cpp:163] <-- Handling request: textDocument/inlayHint(201)
[2026-01-10 09:00:01.766] [info] [thread 15776] [Server.cpp:170] --> Handled request: textDocument/inlayHint(201) 1ms
[2026-01-10 09:00:02.031] [info] [thread 15776] [Server.cpp:163] <-- Handling request: textDocument/inlayHint(202)
[2026-01-10 09:00:02.032] [info] [thread 15776] [Server.cpp:170] --> Handled request: textDocument/inlayHint(202) 1ms
[2026-01-10 09:00:02.231] [info] [thread 15776] [Server.cpp:163] <-- Handling request: textDocument/inlayHint(203)
[2026-01-10 09:00:02.232] [info] [thread 15776] [Server.cpp:170] --> Handled request: textDocument/inlayHint(203) 1ms
[2026-01-10 09:00:02.808] [info] [thread 15776] [Server.cpp:163] <-- Handling request: textDocument/inlayHint(204)
[2026-01-10 09:00:02.809] [info] [thread 15776] [Server.cpp:170] --> Handled request: textDocument/inlayHint(204) 0ms
[2026-01-10 09:00:02.847] [info] [thread 15776] [Server.cpp:163] <-- Handling request: textDocument/inlayHint(205)
[2026-01-10 09:00:02.848] [info] [thread 15776] [Server.cpp:170] --> Handled request: textDocument/inlayHint(205) 1ms
[2026-01-10 09:00:02.896] [info] [thread 15776] [Server.cpp:163] <-- Handling request: textDocument/inlayHint(206)
[2026-01-10 09:00:02.897] [info] [thread 15776] [Server.cpp:170] --> Handled request: textDocument/inlayHint(206) 0ms
[2026-01-10 09:00:02.996] [info] [thread 15776] [Server.cpp:163] <-- Handling request: textDocument/inlayHint(207)
[2026-01-10 09:00:02.997] [info] [thread 15776] [Server.cpp:170] --> Handled request: textDocument/inlayHint(207) 1ms
[2026-01-10 09:00:03.024] [info] [thread 15776] [Server.cpp:163] <-- Handling request: textDocument/inlayHint(208)
[2026-01-10 09:00:03.025] [info] [thread 15776] [Server.cpp:170] --> Handled request: textDocument/inlayHint(208) 1ms
[2026-01-10 09:00:03.065] [info] [thread 15776] [Server.cpp:163] <-- Handling request: textDocument/inlayHint(209)
[2026-01-10 09:00:03.066] [info] [thread 15776] [Server.cpp:170] --> Handled request: textDocument/inlayHint(209) 1ms
[2026-01-10 09:00:03.113] [info] [thread 15776] [Server.cpp:163] <-- Handling request: textDocument/inlayHint(210)
[2026-01-10 09:00:03.114] [info] [thread 15776] [Server.cpp:170] --> Handled request: textDocument/inlayHint(210) 0ms
[2026-01-10 09:00:03.181] [info] [thread 15776] [Server.cpp:163] <-- Handling request: textDocument/inlayHint(211)
[2026-01-10 09:00:03.182] [info] [thread 15776] [Server.cpp:170] --> Handled request: textDocument/inlayHint(211) 1ms
[2026-01-10 09:00:03.230] [info] [thread 15776] [Server.cpp:163] <-- Handling request: textDocument/inlayHint(212)
[2026-01-10 09:00:03.231] [info] [thread 15776] [Server.cpp:170] --> Handled request: textDocument/inlayHint(212) 0ms
[2026-01-10 09:00:03.314] [info] [thread 15776] [Server.cpp:163] <-- Handling request: textDocument/inlayHint(213)
[2026-01-10 09:00:03.315] [info] [thread 15776] [Server.cpp:170] --> Handled request: textDocument/inlayHint(213) 1ms
[2026-01-10 09:00:03.395] [info] [thread 15776] [Server.cpp:163] <-- Handling request: textDocument/inlayHint(214)
[2026-01-10 09:00:03.396] [info] [thread 15776] [Server.cpp:170] --> Handled request: textDocument/inlayHint(214) 1ms
[2026-01-10 09:00:03.545] [info] [thread 15776] [Server.cpp:163] <-- Handling request: textDocument/inlayHint(215)
[2026-01-10 09:00:03.546] [info] [thread 15776] [Server.cpp:170] --> Handled request: textDocument/inlayHint(215) 1ms
[2026-01-10 09:00:03.629] [info] [thread 15776] [Server.cpp:163] <-- Handling request: textDocument/inlayHint(216)
[2026-01-10 09:00:03.630] [info] [thread 15776] [Server.cpp:170] --> Handled request: textDocument/inlayHint(216) 1ms
[2026-01-10 09:00:03.677] [info] [thread 15776] [Server.cpp:163] <-- Handling request: textDocument/inlayHint(217)
[2026-01-10 09:00:03.678] [info] [thread 15776] [Server.cpp:170] --> Handled request: textDocument/inlayHint(217) 1ms
[2026-01-10 09:00:03.725] [info] [thread 15776] [Server.cpp:163] <-- Handling request: textDocument/inlayHint(218)
[2026-01-10 09:00:03.726] [info] [thread 15776] [Server.cpp:170] --> Handled request: textDocument/inlayHint(218) 1ms
[2026-01-10 09:00:03.775] [info] [thread 15776] [Server.cpp:163] <-- Handling request: textDocument/inlayHint(219)
[2026-01-10 09:00:03.776] [info] [thread 15776] [Server.cpp:170] --> Handled request: textDocument/inlayHint(219) 1ms
[2026-01-10 09:00:03.913] [info] [thread 15776] [Server.cpp:163] <-- Handling request: textDocument/inlayHint(220)
[2026-01-10 09:00:03.914] [info] [thread 15776] [Server.cpp:170] --> Handled request: textDocument/inlayHint(220) 1ms
[2026-01-10 09:00:03.941] [info] [thread 15776] [Server.cpp:163] <-- Handling request: textDocument/inlayHint(221)
[2026-01-10 09:00:03.942] [info] [thread 15776] [Server.cpp:170] --> Handled request: textDocument/inlayHint(221) 1ms
[2026-01-10 09:00:03.996] [info] [thread 15776] [Server.cpp:163] <-- Handling request: textDocument/inlayHint(222)
[2026-01-10 09:00:03.997] [info] [thread 15776] [Server.cpp:170] --> Handled request: textDocument/inlayHint(222) 1ms
[2026-01-10 09:00:04.131] [info] [thread 15776] [Server.cpp:163] <-- Handling request: textDocument/inlayHint(223)
[2026-01-10 09:00:04.133] [info] [thread 15776] [Server.cpp:170] --> Handled request: textDocument/inlayHint(223) 1ms
[2026-01-10 09:00:04.190] [info] [thread 15776] [Server.cpp:163] <-- Handling request: textDocument/inlayHint(224)
[2026-01-10 09:00:04.191] [info] [thread 15776] [Server.cpp:170] --> Handled request: textDocument/inlayHint(224) 1ms
[2026-01-10 09:00:04.229] [info] [thread 15776] [Server.cpp:163] <-- Handling request: textDocument/inlayHint(225)
[2026-01-10 09:00:04.230] [info] [thread 15776] [Server.cpp:170] --> Handled request: textDocument/inlayHint(225) 1ms
[2026-01-10 09:00:04.811] [info] [thread 15776] [Server.cpp:163] <-- Handling request: textDocument/inlayHint(226)
[2026-01-10 09:00:04.813] [info] [thread 15776] [Server.cpp:170] --> Handled request: textDocument/inlayHint(226) 1ms
[2026-01-10 09:00:05.045] [info] [thread 15776] [Server.cpp:163] <-- Handling request: textDocument/inlayHint(227)
[2026-01-10 09:00:05.046] [info] [thread 15776] [Server.cpp:170] --> Handled request: textDocument/inlayHint(227) 1ms
[2026-01-10 09:00:05.071] [info] [thread 15776] [Server.cpp:163] <-- Handling request: textDocument/inlayHint(228)
[2026-01-10 09:00:05.072] [info] [thread 15776] [Server.cpp:170] --> Handled request: textDocument/inlayHint(228) 1ms
[2026-01-10 09:00:05.794] [info] [thread 15776] [Server.cpp:163] <-- Handling request: textDocument/inlayHint(229)
[2026-01-10 09:00:05.795] [info] [thread 15776] [Server.cpp:170] --> Handled request: textDocument/inlayHint(229) 1ms
[2026-01-10 09:00:05.911] [info] [thread 15776] [Server.cpp:163] <-- Handling request: textDocument/inlayHint(230)
[2026-01-10 09:00:05.913] [info] [thread 15776] [Server.cpp:170] --> Handled request: textDocument/inlayHint(230) 1ms
[2026-01-10 09:00:05.944] [info] [thread 15776] [Server.cpp:163] <-- Handling request: textDocument/inlayHint(231)
[2026-01-10 09:00:05.945] [info] [thread 15776] [Server.cpp:170] --> Handled request: textDocument/inlayHint(231) 1ms
[2026-01-10 09:00:06.026] [info] [thread 15776] [Server.cpp:163] <-- Handling request: textDocument/inlayHint(232)
[2026-01-10 09:00:06.027] [info] [thread 15776] [Server.cpp:170] --> Handled request: textDocument/inlayHint(232) 1ms
[2026-01-10 09:00:06.077] [info] [thread 15776] [Server.cpp:163] <-- Handling request: textDocument/inlayHint(233)
[2026-01-10 09:00:06.079] [info] [thread 15776] [Server.cpp:170] --> Handled request: textDocument/inlayHint(233) 1ms
[2026-01-10 09:00:06.261] [info] [thread 15776] [Server.cpp:163] <-- Handling request: textDocument/inlayHint(234)
[2026-01-10 09:00:06.262] [info] [thread 15776] [Server.cpp:170] --> Handled request: textDocument/inlayHint(234) 1ms
[2026-01-10 09:00:06.343] [info] [thread 15776] [Server.cpp:163] <-- Handling request: textDocument/inlayHint(235)
[2026-01-10 09:00:06.344] [info] [thread 15776] [Server.cpp:170] --> Handled request: textDocument/inlayHint(235) 1ms
[2026-01-10 09:00:06.427] [info] [thread 15776] [Server.cpp:163] <-- Handling request: textDocument/inlayHint(236)
[2026-01-10 09:00:06.428] [info] [thread 15776] [Server.cpp:170] --> Handled request: textDocument/inlayHint(236) 1ms
[2026-01-10 09:00:06.557] [info] [thread 15776] [Server.cpp:163] <-- Handling request: textDocument/inlayHint(237)
[2026-01-10 09:00:06.558] [info] [thread 15776] [Server.cpp:170] --> Handled request: textDocument/inlayHint(237) 1ms
[2026-01-10 09:00:06.587] [info] [thread 15776] [Server.cpp:163] <-- Handling request: textDocument/inlayHint(238)
[2026-01-10 09:00:06.588] [info] [thread 15776] [Server.cpp:170] --> Handled request: textDocument/inlayHint(238) 1ms
[2026-01-10 09:00:31.831] [info] [thread 15776] [Server.cpp:163] <-- Handling request: textDocument/inlayHint(239)
[2026-01-10 09:00:31.832] [info] [thread 15776] [Server.cpp:170] --> Handled request: textDocument/inlayHint(239) 1ms
[2026-01-10 09:00:31.919] [info] [thread 15776] [Server.cpp:163] <-- Handling request: textDocument/inlayHint(240)
[2026-01-10 09:00:31.920] [info] [thread 15776] [Server.cpp:170] --> Handled request: textDocument/inlayHint(240) 1ms
[2026-01-10 09:00:32.534] [info] [thread 15776] [Server.cpp:163] <-- Handling request: textDocument/inlayHint(241)
[2026-01-10 09:00:32.535] [info] [thread 15776] [Server.cpp:170] --> Handled request: textDocument/inlayHint(241) 1ms
[2026-01-10 09:00:32.601] [info] [thread 15776] [Server.cpp:163] <-- Handling request: textDocument/inlayHint(242)
[2026-01-10 09:00:32.602] [info] [thread 15776] [Server.cpp:170] --> Handled request: textDocument/inlayHint(242) 1ms
[2026-01-10 09:00:32.717] [info] [thread 15776] [Server.cpp:163] <-- Handling request: textDocument/inlayHint(243)
[2026-01-10 09:00:32.719] [info] [thread 15776] [Server.cpp:170] --> Handled request: textDocument/inlayHint(243) 1ms
[2026-01-10 09:00:32.753] [info] [thread 15776] [Server.cpp:163] <-- Handling request: textDocument/inlayHint(244)
[2026-01-10 09:00:32.755] [info] [thread 15776] [Server.cpp:170] --> Handled request: textDocument/inlayHint(244) 1ms
[2026-01-10 09:00:32.786] [info] [thread 15776] [Server.cpp:163] <-- Handling request: textDocument/inlayHint(245)
[2026-01-10 09:00:32.787] [info] [thread 15776] [Server.cpp:170] --> Handled request: textDocument/inlayHint(245) 1ms
[2026-01-10 09:00:32.835] [info] [thread 15776] [Server.cpp:163] <-- Handling request: textDocument/inlayHint(246)
[2026-01-10 09:00:32.837] [info] [thread 15776] [Server.cpp:170] --> Handled request: textDocument/inlayHint(246) 1ms
[2026-01-10 09:00:32.919] [info] [thread 15776] [Server.cpp:163] <-- Handling request: textDocument/inlayHint(247)
[2026-01-10 09:00:32.920] [info] [thread 15776] [Server.cpp:170] --> Handled request: textDocument/inlayHint(247) 1ms
[2026-01-10 09:00:33.234] [info] [thread 15776] [Server.cpp:163] <-- Handling request: textDocument/inlayHint(248)
[2026-01-10 09:00:33.236] [info] [thread 15776] [Server.cpp:170] --> Handled request: textDocument/inlayHint(248) 1ms
[2026-01-10 09:00:33.338] [info] [thread 15776] [Server.cpp:163] <-- Handling request: textDocument/inlayHint(249)
[2026-01-10 09:00:33.350] [info] [thread 15776] [Server.cpp:155] Ignore unhandled method: $/cancelRequest
[2026-01-10 09:00:33.380] [info] [thread 15776] [Server.cpp:170] --> Handled request: textDocument/inlayHint(249) 42ms
[2026-01-10 09:00:33.477] [info] [thread 15776] [Server.cpp:163] <-- Handling request: textDocument/inlayHint(250)
[2026-01-10 09:00:33.479] [info] [thread 15776] [Server.cpp:170] --> Handled request: textDocument/inlayHint(250) 2ms
[2026-01-10 09:00:33.598] [info] [thread 15776] [Server.cpp:155] Ignore unhandled method: $/cancelRequest
[2026-01-10 09:00:33.598] [info] [thread 15776] [Server.cpp:163] <-- Handling request: textDocument/inlayHint(251)
[2026-01-10 09:00:33.600] [info] [thread 15776] [Server.cpp:170] --> Handled request: textDocument/inlayHint(251) 1ms
[2026-01-10 09:00:33.686] [info] [thread 15776] [Server.cpp:155] Ignore unhandled method: $/cancelRequest
[2026-01-10 09:00:33.687] [info] [thread 15776] [Server.cpp:163] <-- Handling request: textDocument/inlayHint(252)
[2026-01-10 09:00:33.688] [info] [thread 15776] [Server.cpp:155] Ignore unhandled method: $/cancelRequest
[2026-01-10 09:00:33.689] [info] [thread 15776] [Server.cpp:170] --> Handled request: textDocument/inlayHint(252) 1ms
[2026-01-10 09:00:33.729] [info] [thread 15776] [Server.cpp:163] <-- Handling request: textDocument/inlayHint(253)
[2026-01-10 09:00:33.730] [info] [thread 15776] [Server.cpp:155] Ignore unhandled method: $/cancelRequest
[2026-01-10 09:00:33.730] [info] [thread 15776] [Server.cpp:170] --> Handled request: textDocument/inlayHint(253) 1ms
[2026-01-10 09:00:33.814] [info] [thread 15776] [Server.cpp:163] <-- Handling request: textDocument/inlayHint(254)
[2026-01-10 09:00:33.816] [info] [thread 15776] [Server.cpp:155] Ignore unhandled method: $/cancelRequest
[2026-01-10 09:00:33.817] [info] [thread 15776] [Server.cpp:170] --> Handled request: textDocument/inlayHint(254) 2ms
[2026-01-10 09:00:34.151] [info] [thread 15776] [Server.cpp:163] <-- Handling request: textDocument/inlayHint(255)
[2026-01-10 09:00:34.152] [info] [thread 15776] [Server.cpp:155] Ignore unhandled method: $/cancelRequest
[2026-01-10 09:00:34.152] [info] [thread 15776] [Server.cpp:170] --> Handled request: textDocument/inlayHint(255) 1ms
[2026-01-10 09:00:34.462] [info] [thread 15776] [Server.cpp:163] <-- Handling request: textDocument/inlayHint(256)
[2026-01-10 09:00:34.463] [info] [thread 15776] [Server.cpp:155] Ignore unhandled method: $/cancelRequest
[2026-01-10 09:00:34.463] [info] [thread 15776] [Server.cpp:170] --> Handled request: textDocument/inlayHint(256) 1ms
[2026-01-10 09:00:34.834] [info] [thread 15776] [Server.cpp:163] <-- Handling request: textDocument/inlayHint(257)
[2026-01-10 09:00:34.835] [info] [thread 15776] [Server.cpp:155] Ignore unhandled method: $/cancelRequest
[2026-01-10 09:00:34.835] [info] [thread 15776] [Server.cpp:170] --> Handled request: textDocument/inlayHint(257) 1ms
[2026-01-10 09:00:34.867] [info] [thread 15776] [Server.cpp:163] <-- Handling request: textDocument/inlayHint(258)
[2026-01-10 09:00:34.868] [info] [thread 15776] [Server.cpp:155] Ignore unhandled method: $/cancelRequest
[2026-01-10 09:00:34.868] [info] [thread 15776] [Server.cpp:170] --> Handled request: textDocument/inlayHint(258) 1ms
[2026-01-10 09:00:34.916] [info] [thread 15776] [Server.cpp:163] <-- Handling request: textDocument/inlayHint(259)
[2026-01-10 09:00:34.917] [info] [thread 15776] [Server.cpp:155] Ignore unhandled method: $/cancelRequest
[2026-01-10 09:00:34.917] [info] [thread 15776] [Server.cpp:170] --> Handled request: textDocument/inlayHint(259) 1ms
[2026-01-10 09:00:39.878] [info] [thread 15776] [Server.cpp:163] <-- Handling request: textDocument/inlayHint(260)
[2026-01-10 09:00:39.882] [info] [thread 15776] [Server.cpp:170] --> Handled request: textDocument/inlayHint(260) 3ms
[2026-01-10 09:00:40.023] [info] [thread 15776] [Server.cpp:155] Ignore unhandled method: $/cancelRequest
[2026-01-10 09:00:40.496] [info] [thread 15776] [Server.cpp:173] <-- Handling notification: textDocument/didChange
[2026-01-10 09:00:40.497] [info] [thread 15776] [Server.cpp:180] --> Handled notification: textDocument/didChange 1ms
[2026-01-10 09:00:40.519] [info] [thread 15776] [Document.cpp:257] PCH is already up-to-date for C:\Users\HP\Desktop\PROJET_TUYAUX_2\logic.cpp
[2026-01-10 09:00:40.578] [info] [thread 15776] [Document.cpp:352] Building AST successfully for C:\Users\HP\Desktop\PROJET_TUYAUX_2\logic.cpp
[2026-01-10 09:00:40.764] [info] [thread 15776] [Server.cpp:163] <-- Handling request: textDocument/completion(261)
[2026-01-10 09:00:40.765] [info] [thread 15776] [Server.cpp:163] <-- Handling request: textDocument/inlayHint(262)
[2026-01-10 09:00:40.766] [info] [thread 15776] [Server.cpp:170] --> Handled request: textDocument/inlayHint(262) 0ms
[2026-01-10 09:00:40.799] [info] [thread 15776] [Server.cpp:170] --> Handled request: textDocument/completion(261) 35ms
[2026-01-10 09:00:41.254] [info] [thread 15776] [Server.cpp:155] Ignore unhandled method: $/cancelRequest
[2026-01-10 09:00:41.549] [info] [thread 15776] [Server.cpp:173] <-- Handling notification: textDocument/didChange
[2026-01-10 09:00:41.550] [info] [thread 15776] [Server.cpp:180] --> Handled notification: textDocument/didChange 0ms
[2026-01-10 09:00:41.571] [info] [thread 15776] [Document.cpp:257] PCH is already up-to-date for C:\Users\HP\Desktop\PROJET_TUYAUX_2\logic.cpp
[2026-01-10 09:00:41.630] [info] [thread 15776] [Document.cpp:352] Building AST successfully for C:\Users\HP\Desktop\PROJET_TUYAUX_2\logic.cpp
[2026-01-10 09:00:41.690] [info] [thread 15776] [Server.cpp:163] <-- Handling request: textDocument/inlayHint(263)
[2026-01-10 09:00:41.691] [info] [thread 15776] [Server.cpp:163] <-- Handling request: textDocument/foldingRange(264)
[2026-01-10 09:00:41.725] [info] [thread 15776] [Server.cpp:170] --> Handled request: textDocument/inlayHint(263) 35ms
[2026-01-10 09:00:41.725] [info] [thread 15776] [Server.cpp:170] --> Handled request: textDocument/foldingRange(264) 34ms
[2026-01-10 09:00:42.374] [info] [thread 15776] [Server.cpp:155] Ignore unhandled method: $/cancelRequest
[2026-01-10 09:00:42.765] [info] [thread 15776] [Server.cpp:163] <-- Handling request: textDocument/inlayHint(265)
[2026-01-10 09:00:42.766] [info] [thread 15776] [Server.cpp:173] <-- Handling notification: textDocument/didSave
[2026-01-10 09:00:42.766] [info] [thread 15776] [Server.cpp:180] --> Handled notification: textDocument/didSave 0ms
[2026-01-10 09:00:42.766] [info] [thread 15776] [Server.cpp:163] <-- Handling request: textDocument/documentLink(266)
[2026-01-10 09:00:42.767] [info] [thread 15776] [Server.cpp:170] --> Handled request: textDocument/inlayHint(265) 2ms
[2026-01-10 09:00:42.767] [info] [thread 15776] [Server.cpp:170] --> Handled request: textDocument/documentLink(266) 0ms
[2026-01-10 09:00:42.785] [info] [thread 15776] [Server.cpp:163] <-- Handling request: textDocument/documentSymbol(267)
[2026-01-10 09:00:42.786] [info] [thread 15776] [Server.cpp:163] <-- Handling request: textDocument/semanticTokens/full(268)
[2026-01-10 09:00:42.787] [info] [thread 15776] [Server.cpp:170] --> Handled request: textDocument/documentSymbol(267) 1ms
[2026-01-10 09:00:42.788] [info] [thread 15776] [Server.cpp:170] --> Handled request: textDocument/semanticTokens/full(268) 2ms
[2026-01-10 09:00:43.116] [info] [thread 15776] [Server.cpp:163] <-- Handling request: textDocument/foldingRange(269)
[2026-01-10 09:00:43.117] [info] [thread 15776] [Server.cpp:155] Ignore unhandled method: $/cancelRequest
[2026-01-10 09:00:43.117] [info] [thread 15776] [Server.cpp:170] --> Handled request: textDocument/foldingRange(269) 1ms
[2026-01-10 09:00:43.134] [info] [thread 15776] [Server.cpp:173] <-- Handling notification: textDocument/didChange
[2026-01-10 09:00:43.135] [info] [thread 15776] [Server.cpp:180] --> Handled notification: textDocument/didChange 0ms
[2026-01-10 09:00:43.159] [info] [thread 15776] [Document.cpp:257] PCH is already up-to-date for C:\Users\HP\Desktop\PROJET_TUYAUX_2\logic.cpp
[2026-01-10 09:00:43.160] [info] [thread 15776] [Server.cpp:163] <-- Handling request: textDocument/inlayHint(270)
[2026-01-10 09:00:43.161] [info] [thread 15776] [Server.cpp:155] Ignore unhandled method: $/cancelRequest
[2026-01-10 09:00:43.211] [info] [thread 15776] [Document.cpp:352] Building AST successfully for C:\Users\HP\Desktop\PROJET_TUYAUX_2\logic.cpp
[2026-01-10 09:00:43.212] [info] [thread 15776] [Server.cpp:170] --> Handled request: textDocument/inlayHint(270) 51ms
[2026-01-10 09:00:43.441] [info] [thread 15776] [Server.cpp:173] <-- Handling notification: textDocument/didChange
[2026-01-10 09:00:43.442] [info] [thread 15776] [Server.cpp:180] --> Handled notification: textDocument/didChange 0ms
[2026-01-10 09:00:43.453] [info] [thread 15776] [Document.cpp:257] PCH is already up-to-date for C:\Users\HP\Desktop\PROJET_TUYAUX_2\logic.cpp
[2026-01-10 09:00:43.484] [info] [thread 15776] [Document.cpp:352] Building AST successfully for C:\Users\HP\Desktop\PROJET_TUYAUX_2\logic.cpp
[2026-01-10 09:00:43.903] [info] [thread 15776] [Server.cpp:163] <-- Handling request: textDocument/foldingRange(271)
[2026-01-10 09:00:43.903] [info] [thread 15776] [Server.cpp:155] Ignore unhandled method: $/cancelRequest
[2026-01-10 09:00:43.904] [info] [thread 15776] [Server.cpp:170] --> Handled request: textDocument/foldingRange(271) 0ms
[2026-01-10 09:00:44.229] [info] [thread 15776] [Server.cpp:163] <-- Handling request: textDocument/inlayHint(272)
[2026-01-10 09:00:44.233] [info] [thread 15776] [Server.cpp:170] --> Handled request: textDocument/inlayHint(272) 3ms
[2026-01-10 09:00:44.562] [info] [thread 15776] [Server.cpp:155] Ignore unhandled method: $/cancelRequest
[2026-01-10 09:00:44.706] [info] [thread 15776] [Server.cpp:163] <-- Handling request: textDocument/foldingRange(273)
[2026-01-10 09:00:44.731] [info] [thread 15776] [Server.cpp:170] --> Handled request: textDocument/foldingRange(273) 24ms
[2026-01-10 09:00:45.306] [info] [thread 15776] [Server.cpp:155] Ignore unhandled method: $/cancelRequest
[2026-01-10 09:00:46.760] [info] [thread 15776] [Server.cpp:163] <-- Handling request: textDocument/inlayHint(274)
[2026-01-10 09:00:46.761] [info] [thread 15776] [Server.cpp:173] <-- Handling notification: textDocument/didSave
[2026-01-10 09:00:46.761] [info] [thread 15776] [Server.cpp:180] --> Handled notification: textDocument/didSave 0ms
[2026-01-10 09:00:46.761] [info] [thread 15776] [Server.cpp:170] --> Handled request: textDocument/inlayHint(274) 1ms
[2026-01-10 09:00:46.803] [info] [thread 15776] [Server.cpp:163] <-- Handling request: textDocument/documentLink(275)
[2026-01-10 09:00:46.804] [info] [thread 15776] [Server.cpp:163] <-- Handling request: textDocument/documentSymbol(276)
[2026-01-10 09:00:46.805] [info] [thread 15776] [Server.cpp:170] --> Handled request: textDocument/documentLink(275) 1ms
[2026-01-10 09:00:46.806] [info] [thread 15776] [Server.cpp:170] --> Handled request: textDocument/documentSymbol(276) 1ms
[2026-01-10 09:00:47.473] [info] [thread 15776] [Server.cpp:163] <-- Handling request: textDocument/semanticTokens/full(277)
[2026-01-10 09:00:47.475] [info] [thread 15776] [Server.cpp:170] --> Handled request: textDocument/semanticTokens/full(277) 2ms
[2026-01-10 09:00:47.521] [info] [thread 15776] [Server.cpp:163] <-- Handling request: textDocument/foldingRange(278)
[2026-01-10 09:00:47.522] [info] [thread 15776] [Server.cpp:155] Ignore unhandled method: $/cancelRequest
[2026-01-10 09:00:47.522] [info] [thread 15776] [Server.cpp:170] --> Handled request: textDocument/foldingRange(278) 0ms
[2026-01-10 09:00:47.672] [info] [thread 15776] [Server.cpp:163] <-- Handling request: textDocument/inlayHint(279)
[2026-01-10 09:00:47.672] [info] [thread 15776] [Server.cpp:155] Ignore unhandled method: $/cancelRequest
[2026-01-10 09:00:47.673] [info] [thread 15776] [Server.cpp:170] --> Handled request: textDocument/inlayHint(279) 1ms
[2026-01-10 09:00:47.739] [info] [thread 15776] [Server.cpp:163] <-- Handling request: textDocument/inlayHint(280)
[2026-01-10 09:00:47.740] [info] [thread 15776] [Server.cpp:155] Ignore unhandled method: $/cancelRequest
[2026-01-10 09:00:47.740] [info] [thread 15776] [Server.cpp:170] --> Handled request: textDocument/inlayHint(280) 1ms
[2026-01-10 09:00:47.740] [info] [thread 15776] [Server.cpp:163] <-- Handling request: textDocument/inlayHint(281)
[2026-01-10 09:00:47.741] [info] [thread 15776] [Server.cpp:155] Ignore unhandled method: $/cancelRequest
[2026-01-10 09:00:47.741] [info] [thread 15776] [Server.cpp:170] --> Handled request: textDocument/inlayHint(281) 0ms
[2026-01-10 09:00:47.788] [info] [thread 15776] [Server.cpp:163] <-- Handling request: textDocument/inlayHint(282)
[2026-01-10 09:00:47.789] [info] [thread 15776] [Server.cpp:155] Ignore unhandled method: $/cancelRequest
[2026-01-10 09:00:47.789] [info] [thread 15776] [Server.cpp:170] --> Handled request: textDocument/inlayHint(282) 1ms
[2026-01-10 09:00:48.286] [info] [thread 15776] [Server.cpp:163] <-- Handling request: textDocument/inlayHint(283)
[2026-01-10 09:00:48.287] [info] [thread 15776] [Server.cpp:155] Ignore unhandled method: $/cancelRequest
[2026-01-10 09:00:48.287] [info] [thread 15776] [Server.cpp:170] --> Handled request: textDocument/inlayHint(283) 1ms
[2026-01-10 09:00:49.495] [info] [thread 15776] [Server.cpp:163] <-- Handling request: textDocument/inlayHint(284)
[2026-01-10 09:00:49.496] [info] [thread 15776] [Server.cpp:155] Ignore unhandled method: $/cancelRequest
[2026-01-10 09:00:49.496] [info] [thread 15776] [Server.cpp:170] --> Handled request: textDocument/inlayHint(284) 1ms
[2026-01-10 09:55:24.678] [info] [thread 15776] [Server.cpp:163] <-- Handling request: textDocument/inlayHint(285)
[2026-01-10 09:55:24.679] [info] [thread 15776] [Server.cpp:170] --> Handled request: textDocument/inlayHint(285) 1ms
[2026-01-10 09:55:25.041] [info] [thread 15776] [Server.cpp:163] <-- Handling request: textDocument/foldingRange(286)
[2026-01-10 09:55:25.041] [info] [thread 15776] [Server.cpp:170] --> Handled request: textDocument/foldingRange(286) 0ms
[2026-01-10 09:55:28.014] [info] [thread 15776] [Server.cpp:163] <-- Handling request: textDocument/semanticTokens/full(287)
[2026-01-10 09:55:28.015] [info] [thread 15776] [Server.cpp:155] Ignore unhandled method: $/cancelRequest
[2026-01-10 09:55:28.016] [info] [thread 15776] [Server.cpp:170] --> Handled request: textDocument/semanticTokens/full(287) 1ms
[2026-01-10 09:55:30.027] [info] [thread 15776] [Server.cpp:163] <-- Handling request: textDocument/foldingRange(288)
[2026-01-10 09:55:30.028] [info] [thread 15776] [Server.cpp:163] <-- Handling request: textDocument/foldingRange(289)
[2026-01-10 09:55:30.029] [info] [thread 15776] [Server.cpp:170] --> Handled request: textDocument/foldingRange(288) 1ms
[2026-01-10 09:55:30.029] [info] [thread 15776] [Server.cpp:170] --> Handled request: textDocument/foldingRange(289) 0ms
[2026-01-10 12:08:48.288] [info] [thread 15776] [clice.cc:133] clice exit normally!
