[2026-01-09 23:20:49.801] [info] [thread 8912] [clice.cc:101] argv[0] = c:\Users\HP\AppData\Roaming\Code\User\globalStorage\ykiko.clice-vscode\bin\clice.exe
[2026-01-09 23:20:49.803] [info] [thread 8912] [clice.cc:101] argv[1] = --mode=pipe
[2026-01-09 23:20:49.840] [info] [thread 8912] [clice.cc:115] Server starts listening on stdin/stdout
[2026-01-09 23:20:49.865] [info] [thread 8912] [Server.cpp:163] <-- Handling request: initialize(0)
[2026-01-09 23:20:49.865] [info] [thread 8912] [Lifecycle.cpp:8] Initialize from client: Visual Studio Code, version: 1.108.0
[2026-01-09 23:20:49.866] [warning] [thread 8912] [Lifecycle.cpp:27] Fail to load config, because: Config file doesn't exist!
[2026-01-09 23:20:49.866] [info] [thread 8912] [Lifecycle.cpp:28] Use default config: {
    "project": {
        "cache_dir": "C:\\Users\\HP\\Desktop\\PROJET_TUYAUX_2\\.clice\\cache",
        "clang_tidy": false,
        "compile_commands_dirs": [
            "C:\\Users\\HP\\Desktop\\PROJET_TUYAUX_2\\build"
        ],
        "index_dir": "C:\\Users\\HP\\Desktop\\PROJET_TUYAUX_2\\.clice\\index",
        "logging_dir": "C:\\Users\\HP\\Desktop\\PROJET_TUYAUX_2\\.clice\\logging",
        "max_active_file": 8,
        "root": true
    },
    "rules": [],
    "workspace": "C:\\Users\\HP\\Desktop\\PROJET_TUYAUX_2"
}
[2026-01-09 23:20:49.868] [warning] [thread 8912] [Command.cpp:627] Failed to read CDB file: C:\Users\HP\Desktop\PROJET_TUYAUX_2\build\compile_commands.json, no such file or directory
[2026-01-09 23:20:49.868] [warning] [thread 8912] [Command.cpp:647] Can not found any valid CDB file from given directories, search recursively from workspace: C:\Users\HP\Desktop\PROJET_TUYAUX_2 ...
[2026-01-09 23:20:49.868] [warning] [thread 8912] [Document.cpp:15] Fail to load cache info, because: no such file or directory
[2026-01-09 23:20:49.904] [info] [thread 8912] [Server.cpp:170] --> Handled request: initialize(0) 38ms
[2026-01-09 23:20:49.904] [info] [thread 8912] [Server.cpp:173] <-- Handling notification: initialized
[2026-01-09 23:20:49.904] [info] [thread 8912] [Indexer.cpp:112] Fail to load project index form C:\Users\HP\Desktop\PROJET_TUYAUX_2\.clice\index\project.idx
[2026-01-09 23:20:49.904] [info] [thread 8912] [Server.cpp:180] --> Handled notification: initialized 0ms
[2026-01-09 23:20:49.967] [info] [thread 8912] [Server.cpp:173] <-- Handling notification: textDocument/didOpen
[2026-01-09 23:20:49.968] [info] [thread 8912] [Server.cpp:180] --> Handled notification: textDocument/didOpen 0ms
[2026-01-09 23:20:50.124] [info] [thread 8912] [Document.cpp:202] Start building PCH for C:\Users\HP\Desktop\PROJET_TUYAUX_2\Game.h, command: [ clang++ -std=c++20 -nostdlibinc --target=x86_64-w64-windows-gnu -isystem C:\msys64\ucrt64\include\c++\15.2.0 -isystem C:\msys64\ucrt64\include\c++\15.2.0\x86_64-w64-mingw32 -isystem C:\msys64\ucrt64\include\c++\15.2.0\backward -isystem C:\msys64\ucrt64\include -resource-dir=C:\Users\HP\AppData\Roaming\Code\User\globalStorage\ykiko.clice-vscode\lib\clang\21 C:\Users\HP\Desktop\PROJET_TUYAUX_2\Game.h]
[2026-01-09 23:20:50.127] [info] [thread 8912] [Server.cpp:173] <-- Handling notification: textDocument/didOpen
[2026-01-09 23:20:50.127] [info] [thread 8912] [Server.cpp:180] --> Handled notification: textDocument/didOpen 0ms
[2026-01-09 23:20:50.128] [info] [thread 8912] [Document.cpp:202] Start building PCH for C:\Users\HP\Desktop\PROJET_TUYAUX_2\renderer.cpp, command: [ clang++ -std=c++20 -nostdlibinc --target=x86_64-w64-windows-gnu -isystem C:\msys64\ucrt64\include\c++\15.2.0 -isystem C:\msys64\ucrt64\include\c++\15.2.0\x86_64-w64-mingw32 -isystem C:\msys64\ucrt64\include\c++\15.2.0\backward -isystem C:\msys64\ucrt64\include -resource-dir=C:\Users\HP\AppData\Roaming\Code\User\globalStorage\ykiko.clice-vscode\lib\clang\21 C:\Users\HP\Desktop\PROJET_TUYAUX_2\renderer.cpp]
[2026-01-09 23:20:50.225] [info] [thread 8912] [Server.cpp:163] <-- Handling request: textDocument/documentSymbol(1)
[2026-01-09 23:20:50.413] [info] [thread 8912] [Server.cpp:163] <-- Handling request: textDocument/documentLink(2)
[2026-01-09 23:20:50.475] [info] [thread 8912] [Server.cpp:163] <-- Handling request: textDocument/inlayHint(3)
[2026-01-09 23:20:50.780] [info] [thread 8912] [Server.cpp:163] <-- Handling request: textDocument/documentSymbol(4)
[2026-01-09 23:20:50.795] [info] [thread 8912] [Document.cpp:230] Building PCH successfully for C:\Users\HP\Desktop\PROJET_TUYAUX_2\renderer.cpp
[2026-01-09 23:20:50.824] [info] [thread 8912] [Document.cpp:230] Building PCH successfully for C:\Users\HP\Desktop\PROJET_TUYAUX_2\Game.h
[2026-01-09 23:20:50.861] [info] [thread 8912] [Document.cpp:352] Building AST successfully for C:\Users\HP\Desktop\PROJET_TUYAUX_2\renderer.cpp
[2026-01-09 23:20:50.865] [info] [thread 8912] [Document.cpp:352] Building AST successfully for C:\Users\HP\Desktop\PROJET_TUYAUX_2\Game.h
[2026-01-09 23:20:50.865] [info] [thread 8912] [Server.cpp:170] --> Handled request: textDocument/documentSymbol(1) 639ms
[2026-01-09 23:20:50.866] [info] [thread 8912] [Server.cpp:170] --> Handled request: textDocument/documentLink(2) 452ms
[2026-01-09 23:20:50.868] [info] [thread 8912] [Server.cpp:170] --> Handled request: textDocument/inlayHint(3) 392ms
[2026-01-09 23:20:50.870] [info] [thread 8912] [Server.cpp:170] --> Handled request: textDocument/documentSymbol(4) 89ms
[2026-01-09 23:20:51.591] [info] [thread 8912] [Server.cpp:163] <-- Handling request: textDocument/foldingRange(5)
[2026-01-09 23:20:51.592] [info] [thread 8912] [Server.cpp:163] <-- Handling request: textDocument/semanticTokens/full(6)
[2026-01-09 23:20:51.594] [info] [thread 8912] [Server.cpp:170] --> Handled request: textDocument/foldingRange(5) 2ms
[2026-01-09 23:20:51.596] [info] [thread 8912] [Server.cpp:170] --> Handled request: textDocument/semanticTokens/full(6) 4ms
[2026-01-09 23:20:51.906] [info] [thread 8912] [Server.cpp:155] Ignore unhandled method: $/cancelRequest
[2026-01-09 23:20:52.174] [info] [thread 8912] [Server.cpp:163] <-- Handling request: textDocument/foldingRange(7)
[2026-01-09 23:20:52.176] [info] [thread 8912] [Server.cpp:170] --> Handled request: textDocument/foldingRange(7) 2ms
[2026-01-09 23:20:52.825] [info] [thread 8912] [Server.cpp:155] Ignore unhandled method: $/cancelRequest
[2026-01-09 23:20:52.825] [info] [thread 8912] [Server.cpp:163] <-- Handling request: textDocument/foldingRange(8)
[2026-01-09 23:20:52.826] [info] [thread 8912] [Server.cpp:170] --> Handled request: textDocument/foldingRange(8) 0ms
[2026-01-09 23:21:29.936] [info] [thread 8912] [Server.cpp:163] <-- Handling request: textDocument/inlayHint(9)
[2026-01-09 23:21:29.937] [info] [thread 8912] [Server.cpp:163] <-- Handling request: textDocument/semanticTokens/full(10)
[2026-01-09 23:21:29.938] [info] [thread 8912] [Server.cpp:170] --> Handled request: textDocument/inlayHint(9) 2ms
[2026-01-09 23:21:29.940] [info] [thread 8912] [Server.cpp:170] --> Handled request: textDocument/semanticTokens/full(10) 3ms
[2026-01-09 23:23:25.906] [info] [thread 8912] [Server.cpp:163] <-- Handling request: textDocument/foldingRange(11)
[2026-01-09 23:23:25.907] [info] [thread 8912] [Server.cpp:155] Ignore unhandled method: $/cancelRequest
[2026-01-09 23:23:25.909] [info] [thread 8912] [Server.cpp:170] --> Handled request: textDocument/foldingRange(11) 3ms
[2026-01-09 23:23:26.141] [info] [thread 8912] [Server.cpp:173] <-- Handling notification: textDocument/didChange
[2026-01-09 23:23:26.142] [info] [thread 8912] [Server.cpp:180] --> Handled notification: textDocument/didChange 1ms
[2026-01-09 23:23:26.161] [info] [thread 8912] [Document.cpp:257] PCH is already up-to-date for C:\Users\HP\Desktop\PROJET_TUYAUX_2\renderer.cpp
[2026-01-09 23:23:26.212] [info] [thread 8912] [Document.cpp:352] Building AST successfully for C:\Users\HP\Desktop\PROJET_TUYAUX_2\renderer.cpp
[2026-01-09 23:23:26.290] [info] [thread 8912] [Server.cpp:163] <-- Handling request: textDocument/foldingRange(12)
[2026-01-09 23:23:26.292] [info] [thread 8912] [Server.cpp:170] --> Handled request: textDocument/foldingRange(12) 1ms
[2026-01-09 23:23:26.550] [info] [thread 8912] [Server.cpp:163] <-- Handling request: textDocument/inlayHint(13)
[2026-01-09 23:23:26.552] [info] [thread 8912] [Server.cpp:170] --> Handled request: textDocument/inlayHint(13) 2ms
[2026-01-09 23:23:26.717] [info] [thread 8912] [Server.cpp:163] <-- Handling request: textDocument/inlayHint(14)
[2026-01-09 23:23:26.720] [info] [thread 8912] [Server.cpp:170] --> Handled request: textDocument/inlayHint(14) 2ms
[2026-01-09 23:23:26.913] [info] [thread 8912] [Server.cpp:163] <-- Handling request: textDocument/documentLink(15)
[2026-01-09 23:23:26.917] [info] [thread 8912] [Server.cpp:170] --> Handled request: textDocument/documentLink(15) 4ms
[2026-01-09 23:23:27.185] [info] [thread 8912] [Server.cpp:173] <-- Handling notification: textDocument/didSave
[2026-01-09 23:23:27.186] [info] [thread 8912] [Server.cpp:180] --> Handled notification: textDocument/didSave 1ms
[2026-01-09 23:23:27.711] [info] [thread 8912] [Server.cpp:163] <-- Handling request: textDocument/semanticTokens/full(16)
[2026-01-09 23:23:27.715] [info] [thread 8912] [Server.cpp:170] --> Handled request: textDocument/semanticTokens/full(16) 4ms
[2026-01-09 23:23:28.073] [info] [thread 8912] [Server.cpp:163] <-- Handling request: textDocument/foldingRange(17)
[2026-01-09 23:23:28.075] [info] [thread 8912] [Server.cpp:170] --> Handled request: textDocument/foldingRange(17) 1ms
[2026-01-09 23:23:28.758] [info] [thread 8912] [Server.cpp:163] <-- Handling request: textDocument/documentSymbol(18)
[2026-01-09 23:23:28.775] [info] [thread 8912] [Server.cpp:170] --> Handled request: textDocument/documentSymbol(18) 16ms
[2026-01-09 23:24:02.208] [info] [thread 8912] [Server.cpp:163] <-- Handling request: textDocument/inlayHint(19)
[2026-01-09 23:24:02.211] [info] [thread 8912] [Server.cpp:170] --> Handled request: textDocument/inlayHint(19) 2ms
[2026-01-09 23:24:04.466] [info] [thread 8912] [Server.cpp:163] <-- Handling request: textDocument/inlayHint(20)
[2026-01-09 23:24:04.469] [info] [thread 8912] [Server.cpp:170] --> Handled request: textDocument/inlayHint(20) 2ms
[2026-01-09 23:24:05.955] [info] [thread 8912] [Server.cpp:163] <-- Handling request: textDocument/inlayHint(21)
[2026-01-09 23:24:05.957] [info] [thread 8912] [Server.cpp:170] --> Handled request: textDocument/inlayHint(21) 1ms
[2026-01-09 23:24:07.721] [info] [thread 8912] [Server.cpp:163] <-- Handling request: textDocument/foldingRange(22)
[2026-01-09 23:24:07.722] [info] [thread 8912] [Server.cpp:170] --> Handled request: textDocument/foldingRange(22) 1ms
[2026-01-10 04:01:08.351] [info] [thread 8912] [clice.cc:133] clice exit normally!
