[2026-01-10 15:05:07.577] [info] [thread 7484] [clice.cc:101] argv[0] = c:\Users\HP\AppData\Roaming\Code\User\globalStorage\ykiko.clice-vscode\bin\clice.exe
[2026-01-10 15:05:07.579] [info] [thread 7484] [clice.cc:101] argv[1] = --mode=pipe
[2026-01-10 15:05:07.601] [info] [thread 7484] [clice.cc:115] Server starts listening on stdin/stdout
[2026-01-10 15:05:07.875] [info] [thread 7484] [Server.cpp:163] <-- Handling request: initialize(0)
[2026-01-10 15:05:07.875] [info] [thread 7484] [Lifecycle.cpp:8] Initialize from client: Visual Studio Code, version: 1.108.0
[2026-01-10 15:05:07.875] [warning] [thread 7484] [Lifecycle.cpp:27] Fail to load config, because: Config file doesn't exist!
[2026-01-10 15:05:07.876] [info] [thread 7484] [Lifecycle.cpp:28] Use default config: {
    "project": {
        "cache_dir": "C:\\Users\\HP\\Desktop\\PROJET_TUYAUX_2\\.clice\\cache",
        "clang_tidy": false,
        "compile_commands_dirs": [
            "C:\\Users\\HP\\Desktop\\PROJET_TUYAUX_2\\build"
        ],
        "index_dir": "C:\\Users\\HP\\Desktop\\PROJET_TUYAUX_2\\.clice\\index",
        "logging_dir": "C:\\Users\\HP\\Desktop\\PROJET_TUYAUX_2\\.clice\\logging",
        "max_active_file": 8,
        "root": true
    },
    "rules": [],
    "workspace": "C:\\Users\\HP\\Desktop\\PROJET_TUYAUX_2"
}
[2026-01-10 15:05:07.888] [warning] [thread 7484] [Command.cpp:627] Failed to read CDB file: C:\Users\HP\Desktop\PROJET_TUYAUX_2\build\compile_commands.json, no such file or directory
[2026-01-10 15:05:07.888] [warning] [thread 7484] [Command.cpp:647] Can not found any valid CDB file from given directories, search recursively from workspace: C:\Users\HP\Desktop\PROJET_TUYAUX_2 ...
[2026-01-10 15:05:07.888] [warning] [thread 7484] [Document.cpp:15] Fail to load cache info, because: no such file or directory
[2026-01-10 15:05:07.942] [info] [thread 7484] [Server.cpp:170] --> Handled request: initialize(0) 67ms
[2026-01-10 15:05:09.154] [info] [thread 7484] [Server.cpp:173] <-- Handling notification: initialized
[2026-01-10 15:05:09.154] [info] [thread 7484] [Indexer.cpp:112] Fail to load project index form C:\Users\HP\Desktop\PROJET_TUYAUX_2\.clice\index\project.idx
[2026-01-10 15:05:09.154] [info] [thread 7484] [Server.cpp:180] --> Handled notification: initialized 0ms
[2026-01-10 15:05:09.223] [info] [thread 7484] [Server.cpp:173] <-- Handling notification: textDocument/didOpen
[2026-01-10 15:05:09.224] [info] [thread 7484] [Server.cpp:180] --> Handled notification: textDocument/didOpen 0ms
[2026-01-10 15:05:09.568] [info] [thread 7484] [Document.cpp:202] Start building PCH for C:\Users\HP\Desktop\PROJET_TUYAUX_2\logic.cpp, command: [ clang++ -std=c++20 -nostdlibinc --target=x86_64-w64-windows-gnu -isystem C:\msys64\ucrt64\include\c++\15.2.0 -isystem C:\msys64\ucrt64\include\c++\15.2.0\x86_64-w64-mingw32 -isystem C:\msys64\ucrt64\include\c++\15.2.0\backward -isystem C:\msys64\ucrt64\include -resource-dir=C:\Users\HP\AppData\Roaming\Code\User\globalStorage\ykiko.clice-vscode\lib\clang\21 C:\Users\HP\Desktop\PROJET_TUYAUX_2\logic.cpp]
[2026-01-10 15:05:10.593] [info] [thread 7484] [Document.cpp:230] Building PCH successfully for C:\Users\HP\Desktop\PROJET_TUYAUX_2\logic.cpp
[2026-01-10 15:05:10.652] [info] [thread 7484] [Document.cpp:352] Building AST successfully for C:\Users\HP\Desktop\PROJET_TUYAUX_2\logic.cpp
[2026-01-10 15:05:10.932] [info] [thread 7484] [Server.cpp:163] <-- Handling request: textDocument/documentSymbol(1)
[2026-01-10 15:05:10.949] [info] [thread 7484] [Server.cpp:170] --> Handled request: textDocument/documentSymbol(1) 17ms
[2026-01-10 15:05:12.123] [info] [thread 7484] [Server.cpp:163] <-- Handling request: textDocument/documentLink(2)
[2026-01-10 15:05:12.219] [info] [thread 7484] [Server.cpp:170] --> Handled request: textDocument/documentLink(2) 95ms
[2026-01-10 15:05:12.977] [info] [thread 7484] [Server.cpp:163] <-- Handling request: textDocument/inlayHint(3)
[2026-01-10 15:05:13.008] [info] [thread 7484] [Server.cpp:170] --> Handled request: textDocument/inlayHint(3) 30ms
[2026-01-10 15:05:15.546] [info] [thread 7484] [Server.cpp:155] Ignore unhandled method: $/setTrace
[2026-01-10 15:05:16.089] [info] [thread 7484] [Server.cpp:163] <-- Handling request: textDocument/foldingRange(4)
[2026-01-10 15:05:16.099] [info] [thread 7484] [Server.cpp:170] --> Handled request: textDocument/foldingRange(4) 9ms
[2026-01-10 15:05:16.194] [info] [thread 7484] [Server.cpp:163] <-- Handling request: textDocument/foldingRange(5)
[2026-01-10 15:05:16.195] [info] [thread 7484] [Server.cpp:170] --> Handled request: textDocument/foldingRange(5) 1ms
[2026-01-10 15:05:16.333] [info] [thread 7484] [Server.cpp:163] <-- Handling request: textDocument/semanticTokens/full(6)
[2026-01-10 15:05:16.459] [info] [thread 7484] [Server.cpp:170] --> Handled request: textDocument/semanticTokens/full(6) 125ms
[2026-01-10 15:05:16.726] [info] [thread 7484] [Server.cpp:155] Ignore unhandled method: $/cancelRequest
[2026-01-10 15:05:16.783] [info] [thread 7484] [Server.cpp:155] Ignore unhandled method: $/cancelRequest
[2026-01-10 15:05:17.112] [info] [thread 7484] [Server.cpp:155] Ignore unhandled method: $/cancelRequest
[2026-01-10 15:05:17.759] [info] [thread 7484] [Server.cpp:163] <-- Handling request: textDocument/foldingRange(7)
[2026-01-10 15:05:17.777] [info] [thread 7484] [Server.cpp:170] --> Handled request: textDocument/foldingRange(7) 18ms
[2026-01-10 15:05:18.258] [info] [thread 7484] [Server.cpp:163] <-- Handling request: textDocument/documentSymbol(8)
[2026-01-10 15:05:18.279] [info] [thread 7484] [Server.cpp:170] --> Handled request: textDocument/documentSymbol(8) 20ms
[2026-01-10 15:05:18.871] [info] [thread 7484] [Server.cpp:163] <-- Handling request: textDocument/foldingRange(9)
[2026-01-10 15:05:18.902] [info] [thread 7484] [Server.cpp:170] --> Handled request: textDocument/foldingRange(9) 30ms
[2026-01-10 15:05:19.035] [info] [thread 7484] [Server.cpp:155] Ignore unhandled method: $/cancelRequest
[2026-01-10 15:05:19.072] [info] [thread 7484] [Server.cpp:163] <-- Handling request: textDocument/documentLink(10)
[2026-01-10 15:05:19.140] [info] [thread 7484] [Server.cpp:170] --> Handled request: textDocument/documentLink(10) 68ms
[2026-01-10 15:05:19.225] [info] [thread 7484] [Server.cpp:155] Ignore unhandled method: $/cancelRequest
[2026-01-10 15:05:19.258] [info] [thread 7484] [Server.cpp:155] Ignore unhandled method: $/cancelRequest
[2026-01-10 15:05:19.259] [info] [thread 7484] [Server.cpp:155] Ignore unhandled method: $/cancelRequest
[2026-01-10 15:05:19.287] [info] [thread 7484] [Server.cpp:155] Ignore unhandled method: $/cancelRequest
[2026-01-10 15:05:19.338] [info] [thread 7484] [Server.cpp:163] <-- Handling request: textDocument/documentSymbol(11)
[2026-01-10 15:05:19.392] [info] [thread 7484] [Server.cpp:170] --> Handled request: textDocument/documentSymbol(11) 53ms
[2026-01-10 15:05:20.851] [info] [thread 7484] [Server.cpp:163] <-- Handling request: textDocument/documentLink(12)
[2026-01-10 15:05:20.853] [info] [thread 7484] [Server.cpp:170] --> Handled request: textDocument/documentLink(12) 1ms
[2026-01-10 15:05:20.908] [info] [thread 7484] [Server.cpp:163] <-- Handling request: textDocument/foldingRange(13)
[2026-01-10 15:05:20.909] [info] [thread 7484] [Server.cpp:170] --> Handled request: textDocument/foldingRange(13) 0ms
