[2026-01-11 14:27:28.301] [info] [thread 5884] [clice.cc:101] argv[0] = c:\Users\HP\AppData\Roaming\Code\User\globalStorage\ykiko.clice-vscode\bin\clice.exe
[2026-01-11 14:27:28.303] [info] [thread 5884] [clice.cc:101] argv[1] = --mode=pipe
[2026-01-11 14:27:28.412] [info] [thread 5884] [clice.cc:115] Server starts listening on stdin/stdout
[2026-01-11 14:27:29.366] [info] [thread 5884] [Server.cpp:163] <-- Handling request: initialize(0)
[2026-01-11 14:27:29.368] [info] [thread 5884] [Lifecycle.cpp:8] Initialize from client: Visual Studio Code, version: 1.108.0
[2026-01-11 14:27:29.371] [warning] [thread 5884] [Lifecycle.cpp:27] Fail to load config, because: Config file doesn't exist!
[2026-01-11 14:27:29.371] [info] [thread 5884] [Lifecycle.cpp:28] Use default config: {
    "project": {
        "cache_dir": "C:\\Users\\HP\\Desktop\\PROJET_TUYAUX_2\\.clice\\cache",
        "clang_tidy": false,
        "compile_commands_dirs": [
            "C:\\Users\\HP\\Desktop\\PROJET_TUYAUX_2\\build"
        ],
        "index_dir": "C:\\Users\\HP\\Desktop\\PROJET_TUYAUX_2\\.clice\\index",
        "logging_dir": "C:\\Users\\HP\\Desktop\\PROJET_TUYAUX_2\\.clice\\logging",
        "max_active_file": 8,
        "root": true
    },
    "rules": [],
    "workspace": "C:\\Users\\HP\\Desktop\\PROJET_TUYAUX_2"
}
[2026-01-11 14:27:29.381] [warning] [thread 5884] [Command.cpp:627] Failed to read CDB file: C:\Users\HP\Desktop\PROJET_TUYAUX_2\build\compile_commands.json, no such file or directory
[2026-01-11 14:27:29.381] [warning] [thread 5884] [Command.cpp:647] Can not found any valid CDB file from given directories, search recursively from workspace: C:\Users\HP\Desktop\PROJET_TUYAUX_2 ...
[2026-01-11 14:27:29.381] [warning] [thread 5884] [Document.cpp:15] Fail to load cache info, because: no such file or directory
[2026-01-11 14:27:29.396] [info] [thread 5884] [Server.cpp:170] --> Handled request: initialize(0) 30ms
[2026-01-11 14:27:31.461] [info] [thread 5884] [Server.cpp:173] <-- Handling notification: initialized
[2026-01-11 14:27:31.461] [info] [thread 5884] [Indexer.cpp:112] Fail to load project index form C:\Users\HP\Desktop\PROJET_TUYAUX_2\.clice\index\project.idx
[2026-01-11 14:27:31.462] [info] [thread 5884] [Server.cpp:180] --> Handled notification: initialized 0ms
[2026-01-11 14:27:31.840] [info] [thread 5884] [Server.cpp:173] <-- Handling notification: textDocument/didOpen
[2026-01-11 14:27:31.842] [info] [thread 5884] [Server.cpp:180] --> Handled notification: textDocument/didOpen 1ms
[2026-01-11 14:27:32.558] [info] [thread 5884] [Document.cpp:202] Start building PCH for C:\Users\HP\Desktop\PROJET_TUYAUX_2\logic.cpp, command: [ clang++ -std=c++20 -nostdlibinc --target=x86_64-w64-windows-gnu -isystem C:\msys64\ucrt64\include\c++\15.2.0 -isystem C:\msys64\ucrt64\include\c++\15.2.0\x86_64-w64-mingw32 -isystem C:\msys64\ucrt64\include\c++\15.2.0\backward -isystem C:\msys64\ucrt64\include -resource-dir=C:\Users\HP\AppData\Roaming\Code\User\globalStorage\ykiko.clice-vscode\lib\clang\21 C:\Users\HP\Desktop\PROJET_TUYAUX_2\logic.cpp]
[2026-01-11 14:27:32.592] [info] [thread 5884] [Server.cpp:163] <-- Handling request: textDocument/documentSymbol(1)
[2026-01-11 14:27:34.371] [info] [thread 5884] [Document.cpp:230] Building PCH successfully for C:\Users\HP\Desktop\PROJET_TUYAUX_2\logic.cpp
[2026-01-11 14:27:34.460] [info] [thread 5884] [Document.cpp:352] Building AST successfully for C:\Users\HP\Desktop\PROJET_TUYAUX_2\logic.cpp
[2026-01-11 14:27:34.497] [info] [thread 5884] [Server.cpp:170] --> Handled request: textDocument/documentSymbol(1) 1905ms
[2026-01-11 14:27:34.572] [info] [thread 5884] [Server.cpp:163] <-- Handling request: textDocument/documentLink(2)
[2026-01-11 14:27:34.578] [info] [thread 5884] [Server.cpp:170] --> Handled request: textDocument/documentLink(2) 5ms
[2026-01-11 14:27:35.568] [info] [thread 5884] [Server.cpp:163] <-- Handling request: textDocument/inlayHint(3)
[2026-01-11 14:27:35.582] [info] [thread 5884] [Server.cpp:170] --> Handled request: textDocument/inlayHint(3) 14ms
[2026-01-11 14:27:36.065] [info] [thread 5884] [Server.cpp:163] <-- Handling request: textDocument/foldingRange(4)
[2026-01-11 14:27:36.097] [info] [thread 5884] [Server.cpp:170] --> Handled request: textDocument/foldingRange(4) 32ms
[2026-01-11 14:27:37.029] [info] [thread 5884] [Server.cpp:163] <-- Handling request: textDocument/foldingRange(5)
[2026-01-11 14:27:37.097] [info] [thread 5884] [Server.cpp:170] --> Handled request: textDocument/foldingRange(5) 67ms
[2026-01-11 14:27:40.283] [info] [thread 5884] [Server.cpp:163] <-- Handling request: textDocument/semanticTokens/full(6)
[2026-01-11 14:27:40.329] [info] [thread 5884] [Server.cpp:170] --> Handled request: textDocument/semanticTokens/full(6) 46ms
[2026-01-11 14:27:40.515] [info] [thread 5884] [Server.cpp:155] Ignore unhandled method: $/cancelRequest
[2026-01-11 14:27:40.590] [info] [thread 5884] [Server.cpp:155] Ignore unhandled method: $/cancelRequest
[2026-01-11 14:27:40.609] [info] [thread 5884] [Server.cpp:155] Ignore unhandled method: $/cancelRequest
[2026-01-11 14:27:40.750] [info] [thread 5884] [Server.cpp:155] Ignore unhandled method: $/cancelRequest
[2026-01-11 14:27:40.806] [info] [thread 5884] [Server.cpp:163] <-- Handling request: textDocument/foldingRange(7)
[2026-01-11 14:27:40.861] [info] [thread 5884] [Server.cpp:170] --> Handled request: textDocument/foldingRange(7) 55ms
[2026-01-11 14:27:40.936] [info] [thread 5884] [Server.cpp:163] <-- Handling request: textDocument/documentLink(8)
[2026-01-11 14:27:40.975] [info] [thread 5884] [Server.cpp:170] --> Handled request: textDocument/documentLink(8) 38ms
[2026-01-11 14:27:41.030] [info] [thread 5884] [Server.cpp:163] <-- Handling request: textDocument/documentLink(9)
[2026-01-11 14:27:41.035] [info] [thread 5884] [Server.cpp:170] --> Handled request: textDocument/documentLink(9) 4ms
[2026-01-11 14:27:41.252] [info] [thread 5884] [Server.cpp:163] <-- Handling request: textDocument/documentSymbol(10)
[2026-01-11 14:27:41.278] [info] [thread 5884] [Server.cpp:170] --> Handled request: textDocument/documentSymbol(10) 25ms
[2026-01-11 14:27:41.392] [info] [thread 5884] [Server.cpp:163] <-- Handling request: textDocument/foldingRange(11)
[2026-01-11 14:27:41.412] [info] [thread 5884] [Server.cpp:170] --> Handled request: textDocument/foldingRange(11) 20ms
[2026-01-11 14:27:41.711] [info] [thread 5884] [Server.cpp:155] Ignore unhandled method: $/cancelRequest
[2026-01-11 14:27:41.897] [info] [thread 5884] [Server.cpp:155] Ignore unhandled method: $/cancelRequest
[2026-01-11 14:27:42.311] [info] [thread 5884] [Server.cpp:163] <-- Handling request: textDocument/documentLink(12)
[2026-01-11 14:27:42.343] [info] [thread 5884] [Server.cpp:155] Ignore unhandled method: $/cancelRequest
[2026-01-11 14:27:42.343] [info] [thread 5884] [Server.cpp:170] --> Handled request: textDocument/documentLink(12) 32ms
[2026-01-11 14:27:42.374] [info] [thread 5884] [Server.cpp:163] <-- Handling request: textDocument/documentLink(13)
[2026-01-11 14:27:42.416] [info] [thread 5884] [Server.cpp:170] --> Handled request: textDocument/documentLink(13) 41ms
[2026-01-11 14:27:42.416] [info] [thread 5884] [Server.cpp:155] Ignore unhandled method: $/cancelRequest
[2026-01-11 14:27:43.771] [info] [thread 5884] [Server.cpp:155] Ignore unhandled method: $/cancelRequest
[2026-01-11 14:27:43.815] [info] [thread 5884] [Server.cpp:155] Ignore unhandled method: $/cancelRequest
[2026-01-11 14:27:47.902] [info] [thread 5884] [Server.cpp:163] <-- Handling request: textDocument/documentSymbol(14)
[2026-01-11 14:27:47.911] [info] [thread 5884] [Server.cpp:170] --> Handled request: textDocument/documentSymbol(14) 9ms
[2026-01-11 14:27:47.983] [info] [thread 5884] [Server.cpp:163] <-- Handling request: textDocument/documentLink(15)
[2026-01-11 14:27:48.001] [info] [thread 5884] [Server.cpp:155] Ignore unhandled method: $/cancelRequest
[2026-01-11 14:27:48.001] [info] [thread 5884] [Server.cpp:170] --> Handled request: textDocument/documentLink(15) 18ms
[2026-01-11 14:27:48.014] [info] [thread 5884] [Server.cpp:163] <-- Handling request: textDocument/foldingRange(16)
[2026-01-11 14:27:48.018] [info] [thread 5884] [Server.cpp:170] --> Handled request: textDocument/foldingRange(16) 3ms
[2026-01-11 14:27:48.036] [info] [thread 5884] [Server.cpp:163] <-- Handling request: textDocument/inlayHint(17)
[2026-01-11 14:27:48.053] [info] [thread 5884] [Server.cpp:170] --> Handled request: textDocument/inlayHint(17) 16ms
[2026-01-11 14:27:48.086] [info] [thread 5884] [Server.cpp:163] <-- Handling request: textDocument/documentSymbol(18)
[2026-01-11 14:27:48.128] [info] [thread 5884] [Server.cpp:155] Ignore unhandled method: $/cancelRequest
[2026-01-11 14:27:48.129] [info] [thread 5884] [Server.cpp:170] --> Handled request: textDocument/documentSymbol(18) 42ms
[2026-01-11 14:27:48.190] [info] [thread 5884] [Server.cpp:163] <-- Handling request: textDocument/foldingRange(19)
[2026-01-11 14:27:48.191] [info] [thread 5884] [Server.cpp:170] --> Handled request: textDocument/foldingRange(19) 1ms
[2026-01-11 14:27:49.253] [info] [thread 5884] [Server.cpp:163] <-- Handling request: textDocument/foldingRange(20)
[2026-01-11 14:27:49.269] [info] [thread 5884] [Server.cpp:170] --> Handled request: textDocument/foldingRange(20) 15ms
[2026-01-11 14:27:49.281] [info] [thread 5884] [Server.cpp:155] Ignore unhandled method: $/setTrace
[2026-01-11 14:27:54.906] [info] [thread 5884] [Server.cpp:163] <-- Handling request: textDocument/semanticTokens/full(21)
[2026-01-11 14:27:54.908] [info] [thread 5884] [Server.cpp:170] --> Handled request: textDocument/semanticTokens/full(21) 1ms
[2026-01-11 14:27:54.955] [info] [thread 5884] [Server.cpp:155] Ignore unhandled method: $/cancelRequest
[2026-01-11 14:27:55.120] [info] [thread 5884] [Server.cpp:155] Ignore unhandled method: $/cancelRequest
[2026-01-11 14:27:55.261] [info] [thread 5884] [Server.cpp:155] Ignore unhandled method: $/cancelRequest
[2026-01-11 14:27:56.919] [info] [thread 5884] [Server.cpp:155] Ignore unhandled method: $/cancelRequest
[2026-01-11 14:27:56.920] [info] [thread 5884] [Server.cpp:163] <-- Handling request: textDocument/documentSymbol(22)
[2026-01-11 14:27:56.921] [info] [thread 5884] [Server.cpp:170] --> Handled request: textDocument/documentSymbol(22) 1ms
[2026-01-11 14:28:55.053] [info] [thread 5884] [Server.cpp:163] <-- Handling request: textDocument/inlayHint(23)
[2026-01-11 14:28:55.054] [info] [thread 5884] [Server.cpp:163] <-- Handling request: textDocument/foldingRange(24)
[2026-01-11 14:28:55.055] [info] [thread 5884] [Server.cpp:170] --> Handled request: textDocument/inlayHint(23) 2ms
[2026-01-11 14:28:55.055] [info] [thread 5884] [Server.cpp:170] --> Handled request: textDocument/foldingRange(24) 1ms
[2026-01-11 14:34:17.408] [info] [thread 5884] [Server.cpp:163] <-- Handling request: textDocument/foldingRange(25)
[2026-01-11 14:34:17.409] [info] [thread 5884] [Server.cpp:155] Ignore unhandled method: $/setTrace
[2026-01-11 14:34:17.409] [info] [thread 5884] [Server.cpp:170] --> Handled request: textDocument/foldingRange(25) 1ms
