[2026-01-09 23:04:03.444] [info] [thread 12152] [clice.cc:101] argv[0] = c:\Users\HP\AppData\Roaming\Code\User\globalStorage\ykiko.clice-vscode\bin\clice.exe
[2026-01-09 23:04:03.446] [info] [thread 12152] [clice.cc:101] argv[1] = --mode=pipe
[2026-01-09 23:04:03.512] [info] [thread 12152] [clice.cc:115] Server starts listening on stdin/stdout
[2026-01-09 23:04:03.640] [info] [thread 12152] [Server.cpp:163] <-- Handling request: initialize(0)
[2026-01-09 23:04:03.644] [info] [thread 12152] [Lifecycle.cpp:8] Initialize from client: Visual Studio Code, version: 1.108.0
[2026-01-09 23:04:03.646] [warning] [thread 12152] [Lifecycle.cpp:27] Fail to load config, because: Config file doesn't exist!
[2026-01-09 23:04:03.647] [info] [thread 12152] [Lifecycle.cpp:28] Use default config: {
    "project": {
        "cache_dir": "C:\\Users\\HP\\Desktop\\PROJET_TUYAUX_2\\.clice\\cache",
        "clang_tidy": false,
        "compile_commands_dirs": [
            "C:\\Users\\HP\\Desktop\\PROJET_TUYAUX_2\\build"
        ],
        "index_dir": "C:\\Users\\HP\\Desktop\\PROJET_TUYAUX_2\\.clice\\index",
        "logging_dir": "C:\\Users\\HP\\Desktop\\PROJET_TUYAUX_2\\.clice\\logging",
        "max_active_file": 8,
        "root": true
    },
    "rules": [],
    "workspace": "C:\\Users\\HP\\Desktop\\PROJET_TUYAUX_2"
}
[2026-01-09 23:04:03.655] [warning] [thread 12152] [Command.cpp:627] Failed to read CDB file: C:\Users\HP\Desktop\PROJET_TUYAUX_2\build\compile_commands.json, no such file or directory
[2026-01-09 23:04:03.655] [warning] [thread 12152] [Command.cpp:647] Can not found any valid CDB file from given directories, search recursively from workspace: C:\Users\HP\Desktop\PROJET_TUYAUX_2 ...
[2026-01-09 23:04:03.655] [warning] [thread 12152] [Document.cpp:15] Fail to load cache info, because: no such file or directory
[2026-01-09 23:04:03.736] [info] [thread 12152] [Server.cpp:170] --> Handled request: initialize(0) 96ms
[2026-01-09 23:04:05.288] [info] [thread 12152] [Server.cpp:173] <-- Handling notification: initialized
[2026-01-09 23:04:05.288] [info] [thread 12152] [Indexer.cpp:112] Fail to load project index form C:\Users\HP\Desktop\PROJET_TUYAUX_2\.clice\index\project.idx
[2026-01-09 23:04:05.291] [info] [thread 12152] [Server.cpp:180] --> Handled notification: initialized 3ms
[2026-01-09 23:04:05.814] [info] [thread 12152] [Server.cpp:173] <-- Handling notification: textDocument/didOpen
[2026-01-09 23:04:05.816] [info] [thread 12152] [Server.cpp:180] --> Handled notification: textDocument/didOpen 1ms
[2026-01-09 23:04:06.809] [info] [thread 12152] [Document.cpp:202] Start building PCH for C:\Users\HP\Desktop\PROJET_TUYAUX_2\Game.h, command: [ clang++ -std=c++20 -nostdlibinc --target=x86_64-w64-windows-gnu -isystem C:\msys64\ucrt64\include\c++\15.2.0 -isystem C:\msys64\ucrt64\include\c++\15.2.0\x86_64-w64-mingw32 -isystem C:\msys64\ucrt64\include\c++\15.2.0\backward -isystem C:\msys64\ucrt64\include -resource-dir=C:\Users\HP\AppData\Roaming\Code\User\globalStorage\ykiko.clice-vscode\lib\clang\21 C:\Users\HP\Desktop\PROJET_TUYAUX_2\Game.h]
[2026-01-09 23:04:06.924] [info] [thread 12152] [Server.cpp:163] <-- Handling request: textDocument/documentSymbol(1)
[2026-01-09 23:04:07.939] [info] [thread 12152] [Document.cpp:230] Building PCH successfully for C:\Users\HP\Desktop\PROJET_TUYAUX_2\Game.h
[2026-01-09 23:04:07.998] [info] [thread 12152] [Document.cpp:352] Building AST successfully for C:\Users\HP\Desktop\PROJET_TUYAUX_2\Game.h
[2026-01-09 23:04:08.009] [info] [thread 12152] [Server.cpp:170] --> Handled request: textDocument/documentSymbol(1) 1084ms
[2026-01-09 23:04:08.299] [info] [thread 12152] [Server.cpp:163] <-- Handling request: textDocument/documentLink(2)
[2026-01-09 23:04:08.317] [info] [thread 12152] [Server.cpp:170] --> Handled request: textDocument/documentLink(2) 18ms
[2026-01-09 23:04:09.070] [info] [thread 12152] [Server.cpp:163] <-- Handling request: textDocument/inlayHint(3)
[2026-01-09 23:04:09.171] [info] [thread 12152] [Server.cpp:170] --> Handled request: textDocument/inlayHint(3) 101ms
[2026-01-09 23:04:10.441] [info] [thread 12152] [Server.cpp:163] <-- Handling request: textDocument/foldingRange(4)
[2026-01-09 23:04:10.446] [info] [thread 12152] [Server.cpp:170] --> Handled request: textDocument/foldingRange(4) 4ms
[2026-01-09 23:04:12.953] [info] [thread 12152] [Server.cpp:163] <-- Handling request: textDocument/foldingRange(5)
[2026-01-09 23:04:12.955] [info] [thread 12152] [Server.cpp:170] --> Handled request: textDocument/foldingRange(5) 1ms
[2026-01-09 23:04:14.288] [info] [thread 12152] [Server.cpp:163] <-- Handling request: textDocument/semanticTokens/full(6)
[2026-01-09 23:04:14.331] [info] [thread 12152] [Server.cpp:170] --> Handled request: textDocument/semanticTokens/full(6) 43ms
[2026-01-09 23:04:14.523] [info] [thread 12152] [Server.cpp:155] Ignore unhandled method: $/cancelRequest
[2026-01-09 23:04:15.634] [info] [thread 12152] [Server.cpp:155] Ignore unhandled method: $/cancelRequest
[2026-01-09 23:04:16.365] [info] [thread 12152] [Server.cpp:155] Ignore unhandled method: $/cancelRequest
[2026-01-09 23:04:16.541] [info] [thread 12152] [Server.cpp:163] <-- Handling request: textDocument/foldingRange(7)
[2026-01-09 23:04:16.548] [info] [thread 12152] [Server.cpp:170] --> Handled request: textDocument/foldingRange(7) 6ms
[2026-01-09 23:04:16.646] [info] [thread 12152] [Server.cpp:163] <-- Handling request: textDocument/documentSymbol(8)
[2026-01-09 23:04:16.766] [info] [thread 12152] [Server.cpp:170] --> Handled request: textDocument/documentSymbol(8) 119ms
[2026-01-09 23:04:16.933] [info] [thread 12152] [Server.cpp:163] <-- Handling request: textDocument/foldingRange(9)
[2026-01-09 23:04:16.970] [info] [thread 12152] [Server.cpp:170] --> Handled request: textDocument/foldingRange(9) 37ms
[2026-01-09 23:04:16.970] [info] [thread 12152] [Server.cpp:163] <-- Handling request: textDocument/documentLink(10)
[2026-01-09 23:04:17.040] [info] [thread 12152] [Server.cpp:170] --> Handled request: textDocument/documentLink(10) 69ms
[2026-01-09 23:04:17.088] [info] [thread 12152] [Server.cpp:155] Ignore unhandled method: $/setTrace
[2026-01-09 23:04:17.182] [info] [thread 12152] [Server.cpp:155] Ignore unhandled method: $/setTrace
[2026-01-09 23:04:17.303] [info] [thread 12152] [Server.cpp:155] Ignore unhandled method: $/setTrace
[2026-01-09 23:04:17.862] [info] [thread 12152] [Server.cpp:155] Ignore unhandled method: $/setTrace
[2026-01-09 23:04:18.399] [info] [thread 12152] [Server.cpp:155] Ignore unhandled method: $/cancelRequest
[2026-01-09 23:04:18.481] [info] [thread 12152] [Server.cpp:155] Ignore unhandled method: $/cancelRequest
[2026-01-09 23:04:18.526] [info] [thread 12152] [Server.cpp:155] Ignore unhandled method: $/cancelRequest
[2026-01-09 23:04:18.546] [info] [thread 12152] [Server.cpp:155] Ignore unhandled method: $/cancelRequest
[2026-01-09 23:04:18.566] [info] [thread 12152] [Server.cpp:155] Ignore unhandled method: $/setTrace
[2026-01-09 23:04:18.574] [info] [thread 12152] [Server.cpp:163] <-- Handling request: textDocument/documentSymbol(11)
[2026-01-09 23:04:18.575] [info] [thread 12152] [Server.cpp:163] <-- Handling request: textDocument/documentLink(12)
[2026-01-09 23:04:18.582] [info] [thread 12152] [Server.cpp:163] <-- Handling request: textDocument/foldingRange(13)
[2026-01-09 23:04:18.583] [info] [thread 12152] [Server.cpp:163] <-- Handling request: textDocument/foldingRange(14)
[2026-01-09 23:04:18.585] [info] [thread 12152] [Server.cpp:170] --> Handled request: textDocument/documentSymbol(11) 10ms
[2026-01-09 23:04:18.603] [info] [thread 12152] [Server.cpp:170] --> Handled request: textDocument/documentLink(12) 27ms
[2026-01-09 23:04:18.603] [info] [thread 12152] [Server.cpp:155] Ignore unhandled method: $/cancelRequest
[2026-01-09 23:04:18.638] [info] [thread 12152] [Server.cpp:170] --> Handled request: textDocument/foldingRange(13) 55ms
[2026-01-09 23:04:18.638] [info] [thread 12152] [Server.cpp:170] --> Handled request: textDocument/foldingRange(14) 54ms
[2026-01-09 23:04:20.592] [info] [thread 12152] [Server.cpp:163] <-- Handling request: textDocument/documentLink(15)
[2026-01-09 23:04:20.593] [info] [thread 12152] [Server.cpp:155] Ignore unhandled method: $/cancelRequest
[2026-01-09 23:04:20.601] [info] [thread 12152] [Server.cpp:170] --> Handled request: textDocument/documentLink(15) 9ms
[2026-01-09 23:04:26.202] [info] [thread 12152] [Server.cpp:155] Ignore unhandled method: $/cancelRequest
[2026-01-09 23:04:26.249] [info] [thread 12152] [Server.cpp:155] Ignore unhandled method: $/cancelRequest
[2026-01-09 23:04:26.289] [info] [thread 12152] [Server.cpp:163] <-- Handling request: textDocument/inlayHint(16)
[2026-01-09 23:04:26.299] [info] [thread 12152] [Server.cpp:170] --> Handled request: textDocument/inlayHint(16) 10ms
[2026-01-09 23:04:26.300] [info] [thread 12152] [Server.cpp:163] <-- Handling request: textDocument/documentSymbol(17)
[2026-01-09 23:04:26.301] [info] [thread 12152] [Server.cpp:155] Ignore unhandled method: $/setTrace
[2026-01-09 23:04:26.301] [info] [thread 12152] [Server.cpp:163] <-- Handling request: textDocument/foldingRange(18)
[2026-01-09 23:04:26.303] [info] [thread 12152] [Server.cpp:163] <-- Handling request: textDocument/foldingRange(19)
[2026-01-09 23:04:26.325] [info] [thread 12152] [Server.cpp:170] --> Handled request: textDocument/documentSymbol(17) 25ms
[2026-01-09 23:04:26.340] [info] [thread 12152] [Server.cpp:170] --> Handled request: textDocument/foldingRange(19) 36ms
[2026-01-09 23:04:26.350] [info] [thread 12152] [Server.cpp:170] --> Handled request: textDocument/foldingRange(18) 48ms
[2026-01-09 23:04:26.973] [info] [thread 12152] [Server.cpp:163] <-- Handling request: textDocument/semanticTokens/full(20)
[2026-01-09 23:04:26.975] [info] [thread 12152] [Server.cpp:170] --> Handled request: textDocument/semanticTokens/full(20) 1ms
[2026-01-09 23:04:29.317] [info] [thread 12152] [Server.cpp:155] Ignore unhandled method: $/cancelRequest
[2026-01-09 23:04:29.317] [info] [thread 12152] [Server.cpp:155] Ignore unhandled method: $/cancelRequest
[2026-01-09 23:04:29.317] [info] [thread 12152] [Server.cpp:155] Ignore unhandled method: $/cancelRequest
[2026-01-09 23:04:29.317] [info] [thread 12152] [Server.cpp:163] <-- Handling request: textDocument/inlayHint(21)
[2026-01-09 23:04:29.318] [info] [thread 12152] [Server.cpp:170] --> Handled request: textDocument/inlayHint(21) 0ms
[2026-01-09 23:04:29.369] [info] [thread 12152] [Server.cpp:163] <-- Handling request: textDocument/foldingRange(22)
[2026-01-09 23:04:29.370] [info] [thread 12152] [Server.cpp:170] --> Handled request: textDocument/foldingRange(22) 1ms
[2026-01-09 23:04:29.529] [info] [thread 12152] [Server.cpp:163] <-- Handling request: textDocument/foldingRange(23)
[2026-01-09 23:04:29.559] [info] [thread 12152] [Server.cpp:170] --> Handled request: textDocument/foldingRange(23) 30ms
[2026-01-09 23:04:29.688] [info] [thread 12152] [Server.cpp:155] Ignore unhandled method: $/cancelRequest
[2026-01-09 23:04:49.484] [info] [thread 12152] [Server.cpp:163] <-- Handling request: textDocument/inlayHint(24)
[2026-01-09 23:04:49.485] [info] [thread 12152] [Server.cpp:163] <-- Handling request: textDocument/semanticTokens/full(25)
[2026-01-09 23:04:49.486] [info] [thread 12152] [Server.cpp:170] --> Handled request: textDocument/inlayHint(24) 1ms
[2026-01-09 23:04:49.487] [info] [thread 12152] [Server.cpp:170] --> Handled request: textDocument/semanticTokens/full(25) 2ms
[2026-01-09 23:20:25.273] [info] [thread 12152] [Server.cpp:155] Ignore unhandled method: $/cancelRequest
[2026-01-09 23:20:25.273] [info] [thread 12152] [Server.cpp:155] Ignore unhandled method: $/cancelRequest
[2026-01-09 23:20:25.945] [info] [thread 12152] [Server.cpp:163] <-- Handling request: textDocument/foldingRange(26)
[2026-01-09 23:20:25.946] [info] [thread 12152] [Server.cpp:170] --> Handled request: textDocument/foldingRange(26) 1ms
[2026-01-09 23:20:31.495] [info] [thread 12152] [Server.cpp:163] <-- Handling request: textDocument/foldingRange(27)
[2026-01-09 23:20:31.496] [info] [thread 12152] [Server.cpp:163] <-- Handling request: textDocument/documentLink(28)
[2026-01-09 23:20:31.496] [info] [thread 12152] [Server.cpp:170] --> Handled request: textDocument/foldingRange(27) 1ms
[2026-01-09 23:20:31.496] [info] [thread 12152] [Server.cpp:170] --> Handled request: textDocument/documentLink(28) 0ms
[2026-01-09 23:20:34.185] [info] [thread 12152] [Server.cpp:163] <-- Handling request: textDocument/hover(29)
[2026-01-09 23:20:34.191] [info] [thread 12152] [Server.cpp:170] --> Handled request: textDocument/hover(29) 5ms
[2026-01-09 23:20:36.165] [info] [thread 12152] [Server.cpp:155] Ignore unhandled method: $/cancelRequest
[2026-01-09 23:20:36.165] [info] [thread 12152] [Server.cpp:163] <-- Handling request: textDocument/inlayHint(30)
[2026-01-09 23:20:36.166] [info] [thread 12152] [Server.cpp:170] --> Handled request: textDocument/inlayHint(30) 1ms
[2026-01-09 23:20:40.337] [info] [thread 12152] [Server.cpp:163] <-- Handling request: textDocument/hover(31)
[2026-01-09 23:20:40.338] [info] [thread 12152] [Server.cpp:155] Ignore unhandled method: $/cancelRequest
[2026-01-09 23:20:40.338] [info] [thread 12152] [Server.cpp:170] --> Handled request: textDocument/hover(31) 0ms
[2026-01-09 23:20:43.226] [info] [thread 12152] [Server.cpp:163] <-- Handling request: textDocument/inlayHint(32)
[2026-01-09 23:20:43.227] [info] [thread 12152] [Server.cpp:155] Ignore unhandled method: $/cancelRequest
[2026-01-09 23:20:43.227] [info] [thread 12152] [Server.cpp:170] --> Handled request: textDocument/inlayHint(32) 1ms
[2026-01-09 23:20:43.347] [info] [thread 12152] [Server.cpp:173] <-- Handling notification: textDocument/didOpen
[2026-01-09 23:20:43.349] [info] [thread 12152] [Server.cpp:180] --> Handled notification: textDocument/didOpen 2ms
[2026-01-09 23:20:43.350] [info] [thread 12152] [Document.cpp:202] Start building PCH for C:\Users\HP\Desktop\PROJET_TUYAUX_2\renderer.cpp, command: [ clang++ -std=c++20 -nostdlibinc --target=x86_64-w64-windows-gnu -isystem C:\msys64\ucrt64\include\c++\15.2.0 -isystem C:\msys64\ucrt64\include\c++\15.2.0\x86_64-w64-mingw32 -isystem C:\msys64\ucrt64\include\c++\15.2.0\backward -isystem C:\msys64\ucrt64\include -resource-dir=C:\Users\HP\AppData\Roaming\Code\User\globalStorage\ykiko.clice-vscode\lib\clang\21 C:\Users\HP\Desktop\PROJET_TUYAUX_2\renderer.cpp]
[2026-01-09 23:20:43.769] [info] [thread 12152] [Server.cpp:163] <-- Handling request: textDocument/documentSymbol(33)
[2026-01-09 23:20:44.154] [info] [thread 12152] [Server.cpp:163] <-- Handling request: textDocument/semanticTokens/full(34)
[2026-01-09 23:20:44.250] [info] [thread 12152] [Server.cpp:163] <-- Handling request: textDocument/documentLink(35)
[2026-01-09 23:20:44.489] [info] [thread 12152] [Server.cpp:163] <-- Handling request: textDocument/foldingRange(36)
[2026-01-09 23:20:44.699] [info] [thread 12152] [Server.cpp:163] <-- Handling request: textDocument/inlayHint(37)
[2026-01-09 23:20:44.854] [info] [thread 12152] [Server.cpp:163] <-- Handling request: textDocument/hover(38)
