[2026-01-09 23:20:48.627] [info] [thread 15612] [clice.cc:101] argv[0] = c:\Users\HP\AppData\Roaming\Code\User\globalStorage\ykiko.clice-vscode\bin\clice.exe
[2026-01-09 23:20:48.629] [info] [thread 15612] [clice.cc:101] argv[1] = --mode=pipe
[2026-01-09 23:20:48.648] [info] [thread 15612] [clice.cc:115] Server starts listening on stdin/stdout
[2026-01-09 23:20:48.650] [info] [thread 15612] [Server.cpp:163] <-- Handling request: initialize(0)
[2026-01-09 23:20:48.651] [info] [thread 15612] [Lifecycle.cpp:8] Initialize from client: Visual Studio Code, version: 1.108.0
[2026-01-09 23:20:48.652] [warning] [thread 15612] [Lifecycle.cpp:27] Fail to load config, because: Config file doesn't exist!
[2026-01-09 23:20:48.653] [info] [thread 15612] [Lifecycle.cpp:28] Use default config: {
    "project": {
        "cache_dir": "C:\\Users\\HP\\Desktop\\PROJET_TUYAUX_2\\.clice\\cache",
        "clang_tidy": false,
        "compile_commands_dirs": [
            "C:\\Users\\HP\\Desktop\\PROJET_TUYAUX_2\\build"
        ],
        "index_dir": "C:\\Users\\HP\\Desktop\\PROJET_TUYAUX_2\\.clice\\index",
        "logging_dir": "C:\\Users\\HP\\Desktop\\PROJET_TUYAUX_2\\.clice\\logging",
        "max_active_file": 8,
        "root": true
    },
    "rules": [],
    "workspace": "C:\\Users\\HP\\Desktop\\PROJET_TUYAUX_2"
}
[2026-01-09 23:20:48.655] [warning] [thread 15612] [Command.cpp:627] Failed to read CDB file: C:\Users\HP\Desktop\PROJET_TUYAUX_2\build\compile_commands.json, no such file or directory
[2026-01-09 23:20:48.660] [warning] [thread 15612] [Command.cpp:647] Can not found any valid CDB file from given directories, search recursively from workspace: C:\Users\HP\Desktop\PROJET_TUYAUX_2 ...
[2026-01-09 23:20:48.661] [warning] [thread 15612] [Document.cpp:15] Fail to load cache info, because: no such file or directory
[2026-01-09 23:20:48.664] [info] [thread 15612] [Server.cpp:170] --> Handled request: initialize(0) 13ms
[2026-01-09 23:20:48.665] [info] [thread 15612] [Server.cpp:173] <-- Handling notification: initialized
[2026-01-09 23:20:48.665] [info] [thread 15612] [Indexer.cpp:112] Fail to load project index form C:\Users\HP\Desktop\PROJET_TUYAUX_2\.clice\index\project.idx
[2026-01-09 23:20:48.665] [info] [thread 15612] [Server.cpp:180] --> Handled notification: initialized 0ms
[2026-01-09 23:20:48.672] [info] [thread 15612] [Server.cpp:173] <-- Handling notification: textDocument/didOpen
[2026-01-09 23:20:48.676] [info] [thread 15612] [Server.cpp:180] --> Handled notification: textDocument/didOpen 3ms
[2026-01-09 23:20:49.069] [info] [thread 15612] [Document.cpp:202] Start building PCH for C:\Users\HP\Desktop\PROJET_TUYAUX_2\Game.h, command: [ clang++ -std=c++20 -nostdlibinc --target=x86_64-w64-windows-gnu -isystem C:\msys64\ucrt64\include\c++\15.2.0 -isystem C:\msys64\ucrt64\include\c++\15.2.0\x86_64-w64-mingw32 -isystem C:\msys64\ucrt64\include\c++\15.2.0\backward -isystem C:\msys64\ucrt64\include -resource-dir=C:\Users\HP\AppData\Roaming\Code\User\globalStorage\ykiko.clice-vscode\lib\clang\21 C:\Users\HP\Desktop\PROJET_TUYAUX_2\Game.h]
[2026-01-09 23:20:49.071] [info] [thread 15612] [Server.cpp:173] <-- Handling notification: textDocument/didOpen
[2026-01-09 23:20:49.072] [info] [thread 15612] [Server.cpp:180] --> Handled notification: textDocument/didOpen 0ms
[2026-01-09 23:20:49.073] [info] [thread 15612] [Document.cpp:202] Start building PCH for C:\Users\HP\Desktop\PROJET_TUYAUX_2\renderer.cpp, command: [ clang++ -std=c++20 -nostdlibinc --target=x86_64-w64-windows-gnu -isystem C:\msys64\ucrt64\include\c++\15.2.0 -isystem C:\msys64\ucrt64\include\c++\15.2.0\x86_64-w64-mingw32 -isystem C:\msys64\ucrt64\include\c++\15.2.0\backward -isystem C:\msys64\ucrt64\include -resource-dir=C:\Users\HP\AppData\Roaming\Code\User\globalStorage\ykiko.clice-vscode\lib\clang\21 C:\Users\HP\Desktop\PROJET_TUYAUX_2\renderer.cpp]
[2026-01-09 23:20:49.182] [info] [thread 15612] [Server.cpp:163] <-- Handling request: textDocument/documentSymbol(1)
[2026-01-09 23:20:49.243] [info] [thread 15612] [Server.cpp:163] <-- Handling request: textDocument/documentLink(2)
[2026-01-09 23:20:49.561] [info] [thread 15612] [Server.cpp:163] <-- Handling request: textDocument/inlayHint(3)
